[29Jul2025 12:08:15.536] [main/INFO] [cpw.mods.modlauncher.Launcher/MODLAUNCHER]: ModLauncher running: args [--username, centmeteenvin, --version, 1.21.1, --gameDir, C:/Users/vince/AppData/Roaming/PrismLauncher/instances/Vision Craft 2.0/minecraft, --assetsDir, C:/Users/vince/AppData/Roaming/PrismLauncher/assets, --assetIndex, 17, --uuid, 1753882732e84313967e482549b9d0a0, --accessToken, ❄❄❄❄❄❄❄❄, --userType, msa, --versionType, release, --fml.neoForgeVersion, 21.1.194, --fml.fmlVersion, 4.0.41, --fml.mcVersion, 1.21.1, --fml.neoFormVersion, 20240808.144430, --launchTarget, forgeclient, --width, 854, --height, 480]
[29Jul2025 12:08:15.543] [main/INFO] [cpw.mods.modlauncher.Launcher/MODLAUNCHER]: JVM identified as Microsoft OpenJDK 64-Bit Server VM 21.0.7+6-LTS
[29Jul2025 12:08:15.546] [main/INFO] [cpw.mods.modlauncher.Launcher/MODLAUNCHER]: ModLauncher 11.0.5+main.901c6ea8 starting: java version 21.0.7 by Microsoft; OS Windows 11 arch amd64 version 10.0
[29Jul2025 12:08:15.622] [main/DEBUG] [cpw.mods.modlauncher.LaunchServiceHandler/MODLAUNCHER]: Found launch services [minecraft,forgeclient,forgedatauserdev,testharness,forgeserverdev,forgeserveruserdev,forgejunitdev,forgeclientdev,forgeclientuserdev,forgeserver,forgejunituserdev,forgedatadev]
[29Jul2025 12:08:15.673] [main/DEBUG] [cpw.mods.modlauncher.LaunchPluginHandler/MODLAUNCHER]: Found launch plugins: [mixin,slf4jfixer,runtime_enum_extender,accesstransformer,runtimedistcleaner]
[29Jul2025 12:08:15.691] [main/DEBUG] [cpw.mods.modlauncher.TransformationServicesHandler/MODLAUNCHER]: Discovering transformation services
[29Jul2025 12:08:15.698] [main/DEBUG] [net.neoforged.fml.loading.FMLPaths/CORE]: Path GAMEDIR is C:\Users\vince\AppData\Roaming\PrismLauncher\instances\Vision Craft 2.0\minecraft
[29Jul2025 12:08:15.699] [main/DEBUG] [net.neoforged.fml.loading.FMLPaths/CORE]: Path MODSDIR is C:\Users\vince\AppData\Roaming\PrismLauncher\instances\Vision Craft 2.0\minecraft\mods
[29Jul2025 12:08:15.700] [main/DEBUG] [net.neoforged.fml.loading.FMLPaths/CORE]: Path CONFIGDIR is C:\Users\vince\AppData\Roaming\PrismLauncher\instances\Vision Craft 2.0\minecraft\config
[29Jul2025 12:08:15.700] [main/DEBUG] [net.neoforged.fml.loading.FMLPaths/CORE]: Path FMLCONFIG is C:\Users\vince\AppData\Roaming\PrismLauncher\instances\Vision Craft 2.0\minecraft\config\fml.toml
[29Jul2025 12:08:15.740] [main/TRACE] [net.neoforged.fml.loading.FMLConfig/CORE]: Loaded FML config from C:\Users\vince\AppData\Roaming\PrismLauncher\instances\Vision Craft 2.0\minecraft\config\fml.toml
[29Jul2025 12:08:15.740] [main/TRACE] [net.neoforged.fml.loading.FMLConfig/CORE]: FMLConfig disableConfigWatcher is false
[29Jul2025 12:08:15.740] [main/TRACE] [net.neoforged.fml.loading.FMLConfig/CORE]: FMLConfig earlyWindowControl is true
[29Jul2025 12:08:15.740] [main/TRACE] [net.neoforged.fml.loading.FMLConfig/CORE]: FMLConfig maxThreads is 16
[29Jul2025 12:08:15.741] [main/TRACE] [net.neoforged.fml.loading.FMLConfig/CORE]: FMLConfig versionCheck is true
[29Jul2025 12:08:15.741] [main/TRACE] [net.neoforged.fml.loading.FMLConfig/CORE]: FMLConfig defaultConfigPath is defaultconfigs
[29Jul2025 12:08:15.741] [main/TRACE] [net.neoforged.fml.loading.FMLConfig/CORE]: FMLConfig disableOptimizedDFU is true
[29Jul2025 12:08:15.741] [main/TRACE] [net.neoforged.fml.loading.FMLConfig/CORE]: FMLConfig earlyWindowProvider is fmlearlywindow
[29Jul2025 12:08:15.741] [main/TRACE] [net.neoforged.fml.loading.FMLConfig/CORE]: FMLConfig earlyWindowWidth is 854
[29Jul2025 12:08:15.741] [main/TRACE] [net.neoforged.fml.loading.FMLConfig/CORE]: FMLConfig earlyWindowHeight is 480
[29Jul2025 12:08:15.741] [main/TRACE] [net.neoforged.fml.loading.FMLConfig/CORE]: FMLConfig earlyWindowFBScale is 1
[29Jul2025 12:08:15.741] [main/TRACE] [net.neoforged.fml.loading.FMLConfig/CORE]: FMLConfig earlyWindowMaximized is false
[29Jul2025 12:08:15.741] [main/TRACE] [net.neoforged.fml.loading.FMLConfig/CORE]: FMLConfig earlyWindowSkipGLVersions is []
[29Jul2025 12:08:15.741] [main/TRACE] [net.neoforged.fml.loading.FMLConfig/CORE]: FMLConfig earlyWindowSquir is false
[29Jul2025 12:08:15.747] [main/DEBUG] [cpw.mods.modlauncher.TransformationServicesHandler/MODLAUNCHER]: Found additional transformation services from discovery services: 
[29Jul2025 12:08:15.762] [main/INFO] [net.neoforged.fml.loading.ImmediateWindowHandler/]: Loading ImmediateWindowProvider fmlearlywindow
[29Jul2025 12:08:16.023] [main/INFO] [EARLYDISPLAY/]: Trying GL version 4.6
[29Jul2025 12:08:16.405] [main/INFO] [EARLYDISPLAY/]: Requested GL version 4.6 got version 4.6
[29Jul2025 12:08:16.618] [main/DEBUG] [cpw.mods.modlauncher.TransformationServicesHandler/MODLAUNCHER]: Found transformer services : [mixin,fml]
[29Jul2025 12:08:16.618] [main/DEBUG] [cpw.mods.modlauncher.TransformationServicesHandler/MODLAUNCHER]: Transformation services loading
[29Jul2025 12:08:16.620] [main/DEBUG] [cpw.mods.modlauncher.TransformationServiceDecorator/MODLAUNCHER]: Loading service mixin
[29Jul2025 12:08:16.621] [main/DEBUG] [cpw.mods.modlauncher.TransformationServiceDecorator/MODLAUNCHER]: Loaded service mixin
[29Jul2025 12:08:16.621] [main/DEBUG] [cpw.mods.modlauncher.TransformationServiceDecorator/MODLAUNCHER]: Loading service fml
[29Jul2025 12:08:16.621] [main/DEBUG] [net.neoforged.fml.loading.FMLLoader/CORE]: FML 4.0.41 loading
[29Jul2025 12:08:16.621] [main/DEBUG] [net.neoforged.fml.loading.FMLLoader/CORE]: FML found ModLauncher version : 11.0.5+main.901c6ea8
[29Jul2025 12:08:16.621] [main/DEBUG] [net.neoforged.fml.loading.FMLLoader/CORE]: FML found AccessTransformer version : 10.0.1+139da711
[29Jul2025 12:08:16.625] [main/DEBUG] [net.neoforged.fml.loading.FMLLoader/CORE]: FML found EventBus version : null
[29Jul2025 12:08:16.625] [main/DEBUG] [net.neoforged.fml.loading.FMLLoader/CORE]: Found Runtime Dist Cleaner
[29Jul2025 12:08:16.625] [main/DEBUG] [cpw.mods.modlauncher.TransformationServiceDecorator/MODLAUNCHER]: Loaded service fml
[29Jul2025 12:08:16.627] [main/DEBUG] [cpw.mods.modlauncher.TransformationServicesHandler/MODLAUNCHER]: Configuring option handling for services
[29Jul2025 12:08:16.679] [main/DEBUG] [net.neoforged.fml.loading.FMLServiceProvider/CORE]: Received command line version data  : VersionInfo[neoForgeVersion=21.1.194, fmlVersion=4.0.41, mcVersion=1.21.1, neoFormVersion=20240808.144430]
[29Jul2025 12:08:16.679] [main/DEBUG] [cpw.mods.modlauncher.TransformationServicesHandler/MODLAUNCHER]: Transformation services initializing
[29Jul2025 12:08:16.681] [main/DEBUG] [cpw.mods.modlauncher.TransformationServiceDecorator/MODLAUNCHER]: Initializing transformation service mixin
[29Jul2025 12:08:16.718] [main/DEBUG] [mixin/]: MixinService [ModLauncher] was successfully booted in cpw.mods.cl.ModuleClassLoader@6c4906d3
[29Jul2025 12:08:16.738] [main/INFO] [mixin/]: SpongePowered MIXIN Subsystem Version=0.8.7 Source=union:/C:/Users/vince/AppData/Roaming/PrismLauncher/libraries/net/fabricmc/sponge-mixin/0.15.2+mixin.0.8.7/sponge-mixin-0.15.2+mixin.0.8.7.jar%23175!/ Service=ModLauncher Env=CLIENT
[29Jul2025 12:08:16.742] [main/DEBUG] [mixin/]: Initialising Mixin Platform Manager
[29Jul2025 12:08:16.742] [main/DEBUG] [mixin/]: Adding mixin platform agents for container ModLauncher Root Container(ModLauncher:4f56a0a2)
[29Jul2025 12:08:16.742] [main/DEBUG] [mixin/]: Instancing new MixinPlatformAgentMinecraftForge for ModLauncher Root Container(ModLauncher:4f56a0a2)
[29Jul2025 12:08:16.743] [main/DEBUG] [mixin/]: MixinPlatformAgentMinecraftForge rejected container ModLauncher Root Container(ModLauncher:4f56a0a2)
[29Jul2025 12:08:16.744] [main/DEBUG] [mixin/]: Instancing new MixinPlatformAgentDefault for ModLauncher Root Container(ModLauncher:4f56a0a2)
[29Jul2025 12:08:16.744] [main/DEBUG] [mixin/]: MixinPlatformAgentDefault accepted container ModLauncher Root Container(ModLauncher:4f56a0a2)
[29Jul2025 12:08:16.747] [main/DEBUG] [cpw.mods.modlauncher.TransformationServiceDecorator/MODLAUNCHER]: Initialized transformation service mixin
[29Jul2025 12:08:16.747] [main/DEBUG] [cpw.mods.modlauncher.TransformationServiceDecorator/MODLAUNCHER]: Initializing transformation service fml
[29Jul2025 12:08:16.747] [main/DEBUG] [net.neoforged.fml.loading.FMLServiceProvider/CORE]: Setting up basic FML game directories
[29Jul2025 12:08:16.747] [main/DEBUG] [net.neoforged.fml.loading.FMLPaths/CORE]: Path GAMEDIR is C:\Users\vince\AppData\Roaming\PrismLauncher\instances\Vision Craft 2.0\minecraft
[29Jul2025 12:08:16.747] [main/DEBUG] [net.neoforged.fml.loading.FMLPaths/CORE]: Path MODSDIR is C:\Users\vince\AppData\Roaming\PrismLauncher\instances\Vision Craft 2.0\minecraft\mods
[29Jul2025 12:08:16.750] [main/DEBUG] [net.neoforged.fml.loading.FMLPaths/CORE]: Path CONFIGDIR is C:\Users\vince\AppData\Roaming\PrismLauncher\instances\Vision Craft 2.0\minecraft\config
[29Jul2025 12:08:16.750] [main/DEBUG] [net.neoforged.fml.loading.FMLPaths/CORE]: Path FMLCONFIG is C:\Users\vince\AppData\Roaming\PrismLauncher\instances\Vision Craft 2.0\minecraft\config\fml.toml
[29Jul2025 12:08:16.750] [main/DEBUG] [net.neoforged.fml.loading.FMLServiceProvider/CORE]: Loading configuration
[29Jul2025 12:08:16.775] [main/TRACE] [net.neoforged.fml.loading.FMLConfig/CORE]: Loaded FML config from C:\Users\vince\AppData\Roaming\PrismLauncher\instances\Vision Craft 2.0\minecraft\config\fml.toml
[29Jul2025 12:08:16.775] [main/TRACE] [net.neoforged.fml.loading.FMLConfig/CORE]: FMLConfig disableConfigWatcher is false
[29Jul2025 12:08:16.775] [main/TRACE] [net.neoforged.fml.loading.FMLConfig/CORE]: FMLConfig earlyWindowControl is true
[29Jul2025 12:08:16.775] [main/TRACE] [net.neoforged.fml.loading.FMLConfig/CORE]: FMLConfig maxThreads is 16
[29Jul2025 12:08:16.775] [main/TRACE] [net.neoforged.fml.loading.FMLConfig/CORE]: FMLConfig versionCheck is true
[29Jul2025 12:08:16.775] [main/TRACE] [net.neoforged.fml.loading.FMLConfig/CORE]: FMLConfig defaultConfigPath is defaultconfigs
[29Jul2025 12:08:16.775] [main/TRACE] [net.neoforged.fml.loading.FMLConfig/CORE]: FMLConfig disableOptimizedDFU is true
[29Jul2025 12:08:16.775] [main/TRACE] [net.neoforged.fml.loading.FMLConfig/CORE]: FMLConfig earlyWindowProvider is fmlearlywindow
[29Jul2025 12:08:16.775] [main/TRACE] [net.neoforged.fml.loading.FMLConfig/CORE]: FMLConfig earlyWindowWidth is 854
[29Jul2025 12:08:16.775] [main/TRACE] [net.neoforged.fml.loading.FMLConfig/CORE]: FMLConfig earlyWindowHeight is 480
[29Jul2025 12:08:16.775] [main/TRACE] [net.neoforged.fml.loading.FMLConfig/CORE]: FMLConfig earlyWindowFBScale is 1
[29Jul2025 12:08:16.775] [main/TRACE] [net.neoforged.fml.loading.FMLConfig/CORE]: FMLConfig earlyWindowMaximized is false
[29Jul2025 12:08:16.775] [main/TRACE] [net.neoforged.fml.loading.FMLConfig/CORE]: FMLConfig earlyWindowSkipGLVersions is []
[29Jul2025 12:08:16.775] [main/TRACE] [net.neoforged.fml.loading.FMLConfig/CORE]: FMLConfig earlyWindowSquir is false
[29Jul2025 12:08:16.779] [main/DEBUG] [net.neoforged.fml.loading.LaunchContext/SCAN]: Located paths when launch context was created: [C:\Users\vince\AppData\Roaming\PrismLauncher\libraries\com\mojang\brigadier\1.3.10\brigadier-1.3.10.jar, C:\Users\vince\AppData\Roaming\PrismLauncher\libraries\org\apache\httpcomponents\httpclient\4.5.13\httpclient-4.5.13.jar, C:\Users\vince\AppData\Roaming\PrismLauncher\libraries\net\neoforged\bus\8.0.5\bus-8.0.5.jar, C:\Users\vince\AppData\Roaming\PrismLauncher\libraries\com\mojang\patchy\2.2.10\patchy-2.2.10.jar, C:\Users\vince\AppData\Roaming\PrismLauncher\libraries\org\joml\joml\1.10.5\joml-1.10.5.jar, C:\Users\vince\AppData\Roaming\PrismLauncher\libraries\org\apache\logging\log4j\log4j-api\2.22.1\log4j-api-2.22.1.jar, C:\Users\vince\AppData\Roaming\PrismLauncher\libraries\org\lwjgl\lwjgl-natives-windows-arm64\3.3.3\lwjgl-natives-windows-arm64-3.3.3.jar, C:\Users\vince\AppData\Roaming\PrismLauncher\libraries\io\netty\netty-buffer\4.1.97.Final\netty-buffer-4.1.97.Final.jar, C:\Users\vince\AppData\Roaming\PrismLauncher\libraries\cpw\mods\modlauncher\11.0.5\modlauncher-11.0.5.jar, C:\Users\vince\AppData\Roaming\PrismLauncher\libraries\io\netty\netty-transport\4.1.97.Final\netty-transport-4.1.97.Final.jar, C:\Users\vince\AppData\Roaming\PrismLauncher\libraries\com\google\code\findbugs\jsr305\3.0.2\jsr305-3.0.2.jar, C:\Users\vince\AppData\Roaming\PrismLauncher\libraries\org\lwjgl\lwjgl-freetype\3.3.3\lwjgl-freetype-3.3.3.jar, C:\Users\vince\AppData\Roaming\PrismLauncher\libraries\net\neoforged\JarJarMetadata\0.4.1\JarJarMetadata-0.4.1.jar, C:\Users\vince\AppData\Roaming\PrismLauncher\libraries\it\unimi\dsi\fastutil\8.5.12\fastutil-8.5.12.jar, C:\Users\vince\AppData\Roaming\PrismLauncher\libraries\com\mojang\logging\1.2.7\logging-1.2.7.jar, C:\Users\vince\AppData\Roaming\PrismLauncher\libraries\org\lz4\lz4-java\1.8.0\lz4-java-1.8.0.jar, C:\Users\vince\AppData\Roaming\PrismLauncher\libraries\org\jline\jline-reader\3.20.0\jline-reader-3.20.0.jar, C:\Users\vince\AppData\Roaming\PrismLauncher\libraries\net\minecrell\terminalconsoleappender\1.3.0\terminalconsoleappender-1.3.0.jar, C:\Users\vince\AppData\Roaming\PrismLauncher\libraries\net\neoforged\accesstransformers\10.0.1\accesstransformers-10.0.1.jar, C:\Users\vince\AppData\Roaming\PrismLauncher\libraries\com\google\code\gson\gson\2.10.1\gson-2.10.1.jar, C:\Users\vince\AppData\Roaming\PrismLauncher\libraries\org\apache\maven\maven-artifact\3.8.5\maven-artifact-3.8.5.jar, C:\Users\vince\AppData\Roaming\PrismLauncher\libraries\org\lwjgl\lwjgl-freetype-natives-windows-arm64\3.3.3\lwjgl-freetype-natives-windows-arm64-3.3.3.jar, C:\Users\vince\AppData\Roaming\PrismLauncher\libraries\net\neoforged\coremods\7.0.3\coremods-7.0.3.jar, C:\Users\vince\AppData\Roaming\PrismLauncher\libraries\net\sf\jopt-simple\jopt-simple\5.0.4\jopt-simple-5.0.4.jar, C:\Users\vince\AppData\Roaming\PrismLauncher\libraries\org\lwjgl\lwjgl-stb-natives-windows-arm64\3.3.3\lwjgl-stb-natives-windows-arm64-3.3.3.jar, C:\Users\vince\AppData\Roaming\PrismLauncher\libraries\org\checkerframework\checker-qual\3.33.0\checker-qual-3.33.0.jar, C:\Users\vince\AppData\Roaming\PrismLauncher\libraries\org\lwjgl\lwjgl-glfw\3.3.3\lwjgl-glfw-3.3.3.jar, C:\Users\vince\AppData\Roaming\PrismLauncher\libraries\org\jcraft\jorbis\0.0.17\jorbis-0.0.17.jar, C:\Users\vince\AppData\Roaming\PrismLauncher\libraries\org\openjdk\nashorn\nashorn-core\15.4\nashorn-core-15.4.jar, C:\Users\vince\AppData\Roaming\PrismLauncher\libraries\org\lwjgl\lwjgl-openal-natives-windows-arm64\3.3.3\lwjgl-openal-natives-windows-arm64-3.3.3.jar, C:\Users\vince\AppData\Roaming\PrismLauncher\libraries\org\apache\logging\log4j\log4j-slf4j2-impl\2.22.1\log4j-slf4j2-impl-2.22.1.jar, C:\Users\vince\AppData\Roaming\PrismLauncher\libraries\com\google\j2objc\j2objc-annotations\2.8\j2objc-annotations-2.8.jar, C:\Users\vince\AppData\Roaming\PrismLauncher\libraries\com\mojang\text2speech\1.17.9\text2speech-1.17.9.jar, C:\Users\vince\AppData\Roaming\PrismLauncher\libraries\net\neoforged\JarJarSelector\0.4.1\JarJarSelector-0.4.1.jar, C:\Users\vince\AppData\Roaming\PrismLauncher\libraries\com\github\oshi\oshi-core\6.4.10\oshi-core-6.4.10.jar, C:\Users\vince\AppData\Roaming\PrismLauncher\libraries\org\lwjgl\lwjgl-tinyfd-natives-windows-arm64\3.3.3\lwjgl-tinyfd-natives-windows-arm64-3.3.3.jar, C:\Users\vince\AppData\Roaming\PrismLauncher\libraries\net\neoforged\fancymodloader\earlydisplay\4.0.41\earlydisplay-4.0.41.jar, C:\Users\vince\AppData\Roaming\PrismLauncher\libraries\com\google\guava\listenablefuture\9999.0-empty-to-avoid-conflict-with-guava\listenablefuture-9999.0-empty-to-avoid-conflict-with-guava.jar, C:\Users\vince\AppData\Roaming\PrismLauncher\libraries\com\google\errorprone\error_prone_annotations\2.18.0\error_prone_annotations-2.18.0.jar, C:\Users\vince\AppData\Roaming\PrismLauncher\libraries\commons-codec\commons-codec\1.16.0\commons-codec-1.16.0.jar, C:\Users\vince\AppData\Roaming\PrismLauncher\libraries\org\lwjgl\lwjgl-jemalloc\3.3.3\lwjgl-jemalloc-3.3.3.jar, C:\Users\vince\AppData\Roaming\PrismLauncher\libraries\org\lwjgl\lwjgl-tinyfd\3.3.3\lwjgl-tinyfd-3.3.3.jar, C:\Users\vince\AppData\Roaming\PrismLauncher\libraries\org\slf4j\slf4j-api\2.0.9\slf4j-api-2.0.9.jar, C:\Users\vince\AppData\Roaming\PrismLauncher\libraries\net\fabricmc\sponge-mixin\0.15.2+mixin.0.8.7\sponge-mixin-0.15.2+mixin.0.8.7.jar, C:\Users\vince\AppData\Roaming\PrismLauncher\libraries\com\mojang\datafixerupper\8.0.16\datafixerupper-8.0.16.jar, C:\Users\vince\AppData\Roaming\PrismLauncher\libraries\org\lwjgl\lwjgl-opengl\3.3.3\lwjgl-opengl-3.3.3.jar, C:\Users\vince\AppData\Roaming\PrismLauncher\libraries\io\netty\netty-codec\4.1.97.Final\netty-codec-4.1.97.Final.jar, C:\Users\vince\AppData\Roaming\PrismLauncher\libraries\net\java\dev\jna\jna-platform\5.14.0\jna-platform-5.14.0.jar, C:\Users\vince\AppData\Roaming\PrismLauncher\libraries\commons-logging\commons-logging\1.2\commons-logging-1.2.jar, C:\Users\vince\AppData\Roaming\PrismLauncher\libraries\net\neoforged\accesstransformers\at-modlauncher\10.0.1\at-modlauncher-10.0.1.jar, C:\Users\vince\AppData\Roaming\PrismLauncher\libraries\org\lwjgl\lwjgl-jemalloc-natives-windows-arm64\3.3.3\lwjgl-jemalloc-natives-windows-arm64-3.3.3.jar, C:\Users\vince\AppData\Roaming\PrismLauncher\libraries\net\neoforged\fancymodloader\loader\4.0.41\loader-4.0.41.jar, C:\Users\vince\AppData\Roaming\PrismLauncher\libraries\com\google\guava\guava\32.1.2-jre\guava-32.1.2-jre.jar, C:\Users\vince\AppData\Roaming\PrismLauncher\libraries\org\lwjgl\lwjgl-opengl-natives-windows-arm64\3.3.3\lwjgl-opengl-natives-windows-arm64-3.3.3.jar, C:\Users\vince\AppData\Roaming\PrismLauncher\libraries\org\apache\logging\log4j\log4j-core\2.22.1\log4j-core-2.22.1.jar, C:\Users\vince\AppData\Roaming\PrismLauncher\libraries\io\netty\netty-transport-native-unix-common\4.1.97.Final\netty-transport-native-unix-common-4.1.97.Final.jar, C:\Users\vince\AppData\Roaming\PrismLauncher\libraries\net\jodah\typetools\0.6.3\typetools-0.6.3.jar, C:\Users\vince\AppData\Roaming\PrismLauncher\libraries\com\mojang\authlib\6.0.54\authlib-6.0.54.jar, C:\Users\vince\AppData\Roaming\PrismLauncher\libraries\org\codehaus\plexus\plexus-utils\3.3.0\plexus-utils-3.3.0.jar, C:\Users\vince\AppData\Roaming\PrismLauncher\libraries\net\java\dev\jna\jna\5.14.0\jna-5.14.0.jar, C:\Users\vince\AppData\Roaming\PrismLauncher\libraries\org\lwjgl\lwjgl-openal\3.3.3\lwjgl-openal-3.3.3.jar, C:\Users\vince\AppData\Roaming\PrismLauncher\libraries\org\apache\httpcomponents\httpcore\4.4.16\httpcore-4.4.16.jar, C:\Users\vince\AppData\Roaming\PrismLauncher\libraries\io\netty\netty-common\4.1.97.Final\netty-common-4.1.97.Final.jar, C:\Users\vince\AppData\Roaming\PrismLauncher\libraries\com\mojang\blocklist\1.0.10\blocklist-1.0.10.jar, C:\Users\vince\AppData\Roaming\PrismLauncher\libraries\net\minecraftforge\srgutils\0.4.15\srgutils-0.4.15.jar, C:\Users\vince\AppData\Roaming\PrismLauncher\libraries\com\machinezoo\noexception\noexception\1.7.1\noexception-1.7.1.jar, C:\Users\vince\AppData\Roaming\PrismLauncher\libraries\io\netty\netty-transport-classes-epoll\4.1.97.Final\netty-transport-classes-epoll-4.1.97.Final.jar, C:\Users\vince\AppData\Roaming\PrismLauncher\libraries\org\apache\commons\commons-lang3\3.14.0\commons-lang3-3.14.0.jar, C:\Users\vince\AppData\Roaming\PrismLauncher\libraries\org\jline\jline-terminal\3.20.0\jline-terminal-3.20.0.jar, C:\Users\vince\AppData\Roaming\PrismLauncher\libraries\com\ibm\icu\icu4j\73.2\icu4j-73.2.jar, C:\Users\vince\AppData\Roaming\PrismLauncher\libraries\io\netty\netty-resolver\4.1.97.Final\netty-resolver-4.1.97.Final.jar, C:\Users\vince\AppData\Roaming\PrismLauncher\libraries\org\lwjgl\lwjgl-glfw-natives-windows-arm64\3.3.3\lwjgl-glfw-natives-windows-arm64-3.3.3.jar, C:\Users\vince\AppData\Roaming\PrismLauncher\libraries\org\lwjgl\lwjgl-stb\3.3.3\lwjgl-stb-3.3.3.jar, C:\Users\vince\AppData\Roaming\PrismLauncher\libraries\com\electronwill\night-config\core\3.8.2\core-3.8.2.jar, C:\Users\vince\AppData\Roaming\PrismLauncher\libraries\commons-io\commons-io\2.15.1\commons-io-2.15.1.jar, C:\Users\vince\AppData\Roaming\PrismLauncher\libraries\io\netty\netty-handler\4.1.97.Final\netty-handler-4.1.97.Final.jar, C:\Users\vince\AppData\Roaming\PrismLauncher\libraries\org\apache\commons\commons-compress\1.26.0\commons-compress-1.26.0.jar, C:\Users\vince\AppData\Roaming\PrismLauncher\libraries\org\lwjgl\lwjgl\3.3.3\lwjgl-3.3.3.jar, C:\Users\vince\AppData\Roaming\PrismLauncher\libraries\com\google\guava\failureaccess\1.0.1\failureaccess-1.0.1.jar, C:\Users\vince\AppData\Roaming\PrismLauncher\libraries\org\antlr\antlr4-runtime\4.13.1\antlr4-runtime-4.13.1.jar, C:\Users\vince\AppData\Roaming\PrismLauncher\libraries\net\neoforged\mergetool\2.0.0\mergetool-2.0.0-api.jar, C:\Users\vince\AppData\Roaming\PrismLauncher\libraries\com\electronwill\night-config\toml\3.8.2\toml-3.8.2.jar]
[29Jul2025 12:08:16.779] [main/DEBUG] [net.neoforged.fml.loading.FMLServiceProvider/CORE]: Preparing launch handler
[29Jul2025 12:08:16.779] [main/DEBUG] [net.neoforged.fml.loading.FMLLoader/CORE]: Using forgeclient as launch service
[29Jul2025 12:08:16.781] [main/DEBUG] [net.neoforged.fml.common.asm.RuntimeDistCleaner/DISTXFORM]: Configuring for Dist CLIENT
[29Jul2025 12:08:16.781] [main/DEBUG] [cpw.mods.modlauncher.TransformationServiceDecorator/MODLAUNCHER]: Initialized transformation service fml
[29Jul2025 12:08:16.783] [main/DEBUG] [cpw.mods.modlauncher.TransformationServicesHandler/MODLAUNCHER]: Transformation services begin scanning
[29Jul2025 12:08:16.783] [main/DEBUG] [cpw.mods.modlauncher.TransformationServiceDecorator/MODLAUNCHER]: Beginning scan trigger - transformation service mixin
[29Jul2025 12:08:16.783] [main/DEBUG] [cpw.mods.modlauncher.TransformationServiceDecorator/MODLAUNCHER]: End scan trigger - transformation service mixin
[29Jul2025 12:08:16.783] [main/DEBUG] [cpw.mods.modlauncher.TransformationServiceDecorator/MODLAUNCHER]: Beginning scan trigger - transformation service fml
[29Jul2025 12:08:16.783] [main/DEBUG] [net.neoforged.fml.loading.FMLServiceProvider/CORE]: Initiating mod scan
[29Jul2025 12:08:16.809] [main/DEBUG] [net.neoforged.fml.util.ServiceLoaderUtil/CORE]: Found 4 implementations of IModFileCandidateLocator:
[29Jul2025 12:08:16.810] [main/DEBUG] [net.neoforged.fml.util.ServiceLoaderUtil/CORE]: 	    1000 - [built-in] net.neoforged.fml.loading.moddiscovery.locators.ProductionClientProvider from loader-4.0.41.jar
[29Jul2025 12:08:16.814] [main/DEBUG] [net.neoforged.fml.util.ServiceLoaderUtil/CORE]: 	    1000 - [built-in] net.neoforged.fml.loading.moddiscovery.locators.PathBasedLocator from loader-4.0.41.jar
[29Jul2025 12:08:16.814] [main/DEBUG] [net.neoforged.fml.util.ServiceLoaderUtil/CORE]: 	       0 - net.neoforged.fml.loading.moddiscovery.locators.ModsFolderLocator from loader-4.0.41.jar
[29Jul2025 12:08:16.815] [main/DEBUG] [net.neoforged.fml.util.ServiceLoaderUtil/CORE]: 	       0 - net.neoforged.fml.loading.moddiscovery.locators.MavenDirectoryLocator from loader-4.0.41.jar
[29Jul2025 12:08:16.817] [main/DEBUG] [net.neoforged.fml.util.ServiceLoaderUtil/CORE]: Found 2 implementations of IModFileReader:
[29Jul2025 12:08:16.818] [main/DEBUG] [net.neoforged.fml.util.ServiceLoaderUtil/CORE]: 	       0 - net.neoforged.fml.loading.moddiscovery.readers.JarModsDotTomlModFileReader from loader-4.0.41.jar
[29Jul2025 12:08:16.818] [main/DEBUG] [net.neoforged.fml.util.ServiceLoaderUtil/CORE]: 	   -1000 - net.neoforged.fml.loading.moddiscovery.readers.NestedLibraryModReader from loader-4.0.41.jar
[29Jul2025 12:08:16.819] [main/DEBUG] [net.neoforged.fml.util.ServiceLoaderUtil/CORE]: Found 1 implementations of IDependencyLocator:
[29Jul2025 12:08:16.820] [main/DEBUG] [net.neoforged.fml.util.ServiceLoaderUtil/CORE]: 	       0 - net.neoforged.fml.loading.moddiscovery.locators.JarInJarDependencyLocator from loader-4.0.41.jar
[29Jul2025 12:08:16.820] [main/DEBUG] [net.neoforged.fml.loading.moddiscovery.ModDiscoverer/SCAN]: Scanning for mods and other resources to load. We know 4 ways to find mods
[29Jul2025 12:08:16.820] [main/DEBUG] [net.neoforged.fml.loading.moddiscovery.ModDiscoverer/SCAN]: Trying locator production client provider +net.neoforged:neoforge:21.1.194:client
[29Jul2025 12:08:16.996] [pool-2-thread-1/INFO] [EARLYDISPLAY/]: GL info: NVIDIA GeForce RTX 2060/PCIe/SSE2 GL version 4.6.0 NVIDIA 561.17, NVIDIA Corporation
[29Jul2025 12:08:17.198] [main/DEBUG] [net.neoforged.fml.loading.moddiscovery.ModFileInfo/LOADING]: Found valid mod file client-1.21.1-20240808.144430-srg.jar with {minecraft} mods - versions {1.21.1}
[29Jul2025 12:08:17.199] [main/INFO] [net.neoforged.fml.loading.moddiscovery.ModDiscoverer/SCAN]: Found mod file "client-1.21.1-20240808.144430-srg.jar" [locator: production client provider +net.neoforged:neoforge:21.1.194:client]
[29Jul2025 12:08:17.199] [main/DEBUG] [net.neoforged.fml.loading.moddiscovery.ModDiscoverer/SCAN]: Locator production client provider +net.neoforged:neoforge:21.1.194:client found 1 mods, 0 warnings, 0 errors and skipped 0 candidates
[29Jul2025 12:08:17.200] [main/DEBUG] [net.neoforged.fml.loading.moddiscovery.ModDiscoverer/SCAN]: Trying locator PathBasedLocator[name=neoforge, paths=[C:\Users\vince\AppData\Roaming\PrismLauncher\libraries\net\neoforged\neoforge\21.1.194\neoforge-21.1.194-universal.jar]]
[29Jul2025 12:08:17.225] [main/DEBUG] [net.neoforged.fml.loading.moddiscovery.readers.JarModsDotTomlModFileReader/SCAN]: Found META-INF/neoforge.mods.toml mod of type null: C:\Users\vince\AppData\Roaming\PrismLauncher\libraries\net\neoforged\neoforge\21.1.194\neoforge-21.1.194-universal.jar
[29Jul2025 12:08:17.226] [main/DEBUG] [net.neoforged.fml.loading.moddiscovery.ModFileParser/LOADING]: Considering mod file candidate C:\Users\vince\AppData\Roaming\PrismLauncher\libraries\net\neoforged\neoforge\21.1.194\neoforge-21.1.194-universal.jar
[29Jul2025 12:08:17.248] [main/DEBUG] [net.neoforged.fml.loading.moddiscovery.ModFileInfo/LOADING]: Found valid mod file neoforge-21.1.194-universal.jar with {neoforge} mods - versions {21.1.194}
[29Jul2025 12:08:17.248] [main/INFO] [net.neoforged.fml.loading.moddiscovery.ModDiscoverer/SCAN]: Found mod file "neoforge-21.1.194-universal.jar" [locator: PathBasedLocator[name=neoforge, paths=[C:\Users\vince\AppData\Roaming\PrismLauncher\libraries\net\neoforged\neoforge\21.1.194\neoforge-21.1.194-universal.jar]], reader: mod manifest]
[29Jul2025 12:08:17.249] [main/DEBUG] [net.neoforged.fml.loading.moddiscovery.ModDiscoverer/SCAN]: Locator PathBasedLocator[name=neoforge, paths=[C:\Users\vince\AppData\Roaming\PrismLauncher\libraries\net\neoforged\neoforge\21.1.194\neoforge-21.1.194-universal.jar]] found 1 mods, 0 warnings, 0 errors and skipped 0 candidates
[29Jul2025 12:08:17.249] [main/DEBUG] [net.neoforged.fml.loading.moddiscovery.ModDiscoverer/SCAN]: Trying locator {mods folder locator at C:\Users\vince\AppData\Roaming\PrismLauncher\instances\Vision Craft 2.0\minecraft\mods}
[29Jul2025 12:08:17.249] [main/DEBUG] [net.neoforged.fml.loading.moddiscovery.locators.ModsFolderLocator/SCAN]: Scanning mods dir C:\Users\vince\AppData\Roaming\PrismLauncher\instances\Vision Craft 2.0\minecraft\mods for mods
[29Jul2025 12:08:17.251] [main/DEBUG] [net.neoforged.fml.loading.moddiscovery.ModDiscoverer/SCAN]: Locator {mods folder locator at C:\Users\vince\AppData\Roaming\PrismLauncher\instances\Vision Craft 2.0\minecraft\mods} found 0 mods, 0 warnings, 0 errors and skipped 0 candidates
[29Jul2025 12:08:17.252] [main/DEBUG] [net.neoforged.fml.loading.moddiscovery.ModDiscoverer/SCAN]: Trying locator maven libs
[29Jul2025 12:08:17.255] [main/DEBUG] [net.neoforged.fml.loading.moddiscovery.ModListHandler/CORE]: Found mod coordinates from lists: []
[29Jul2025 12:08:17.255] [main/DEBUG] [net.neoforged.fml.loading.moddiscovery.ModDiscoverer/SCAN]: Locator maven libs found 0 mods, 0 warnings, 0 errors and skipped 0 candidates
[29Jul2025 12:08:17.260] [main/DEBUG] [net.neoforged.fml.loading.moddiscovery.ModDiscoverer/SCAN]: Successfully Loaded 2 mods. Attempting to load dependencies...
[29Jul2025 12:08:17.260] [main/DEBUG] [net.neoforged.fml.loading.moddiscovery.ModDiscoverer/SCAN]: Trying locator jarinjar
[29Jul2025 12:08:17.265] [main/TRACE] [net.neoforged.fml.loading.moddiscovery.locators.JarInJarDependencyLocator/]: Failed to load resource META-INF\jarjar\metadata.json from client-1.21.1-20240808.144430-srg.jar, it does not contain dependency information.
[29Jul2025 12:08:17.326] [main/DEBUG] [net.neoforged.fml.loading.moddiscovery.readers.JarModsDotTomlModFileReader/SCAN]: Found META-INF/MANIFEST.MF mod of type GAMELIBRARY: 
[29Jul2025 12:08:17.330] [main/DEBUG] [net.neoforged.fml.loading.moddiscovery.readers.JarModsDotTomlModFileReader/SCAN]: Found META-INF/MANIFEST.MF mod of type LIBRARY: 
[29Jul2025 12:08:17.330] [main/TRACE] [net.neoforged.fml.loading.moddiscovery.locators.JarInJarDependencyLocator/]: Failed to load resource META-INF\jarjar\metadata.json from mixinextras-neoforge-0.4.1.jar, it does not contain dependency information.
[29Jul2025 12:08:17.331] [main/TRACE] [net.neoforged.fml.loading.moddiscovery.locators.JarInJarDependencyLocator/]: Failed to load resource META-INF\jarjar\metadata.json from net.neoforged.neoforge-coremods-21.1.194.jar, it does not contain dependency information.
[29Jul2025 12:08:17.370] [main/DEBUG] [net.neoforged.fml.loading.moddiscovery.readers.JarModsDotTomlModFileReader/SCAN]: Found META-INF/MANIFEST.MF mod of type LIBRARY: 
[29Jul2025 12:08:17.373] [main/DEBUG] [net.neoforged.fml.loading.moddiscovery.readers.JarModsDotTomlModFileReader/SCAN]: Found META-INF/MANIFEST.MF mod of type GAMELIBRARY: 
[29Jul2025 12:08:17.374] [main/INFO] [net.neoforged.fml.loading.moddiscovery.locators.JarInJarDependencyLocator/]: Found 2 dependencies adding them to mods collection
[29Jul2025 12:08:17.375] [main/INFO] [net.neoforged.fml.loading.moddiscovery.ModDiscoverer/SCAN]: Found gamelibrary file "mixinextras-neoforge-0.4.1.jar" [parent: neoforge-21.1.194-universal.jar, locator: jarinjar, reader: mod manifest]
[29Jul2025 12:08:17.375] [main/INFO] [net.neoforged.fml.loading.moddiscovery.ModDiscoverer/SCAN]: Found library file "net.neoforged.neoforge-coremods-21.1.194.jar" [parent: neoforge-21.1.194-universal.jar, locator: jarinjar, reader: mod manifest]
[29Jul2025 12:08:17.376] [main/INFO] [net.neoforged.fml.loading.moddiscovery.ModDiscoverer/]: 
     Mod List:
		Name Version (Mod Id)

		Minecraft 1.21.1 (minecraft)
		NeoForge 21.1.194 (neoforge)
[29Jul2025 12:08:17.378] [main/DEBUG] [net.neoforged.fml.loading.moddiscovery.ModFileInfo/LOADING]: Found valid mod file client-1.21.1-20240808.144430-srg.jar with {minecraft} mods - versions {1.21.1}
[29Jul2025 12:08:17.379] [main/DEBUG] [net.neoforged.fml.loading.moddiscovery.ModFile/LOADING]: Loading mod file C:\Users\vince\AppData\Roaming\PrismLauncher\libraries\net\minecraft\client\1.21.1-20240808.144430\client-1.21.1-20240808.144430-srg.jar with languages [LanguageSpec[languageName=minecraft, acceptedVersions=1]]
[29Jul2025 12:08:17.381] [main/DEBUG] [net.neoforged.fml.loading.moddiscovery.ModFileParser/LOADING]: Considering mod file candidate C:\Users\vince\AppData\Roaming\PrismLauncher\libraries\net\neoforged\neoforge\21.1.194\neoforge-21.1.194-universal.jar
[29Jul2025 12:08:17.383] [main/DEBUG] [net.neoforged.fml.loading.moddiscovery.ModFileInfo/LOADING]: Found valid mod file neoforge-21.1.194-universal.jar with {neoforge} mods - versions {21.1.194}
[29Jul2025 12:08:17.383] [main/DEBUG] [net.neoforged.fml.loading.moddiscovery.ModFile/LOADING]: Loading mod file C:\Users\vince\AppData\Roaming\PrismLauncher\libraries\net\neoforged\neoforge\21.1.194\neoforge-21.1.194-universal.jar with languages [LanguageSpec[languageName=javafml, acceptedVersions=[3,]]]
[29Jul2025 12:08:17.384] [main/DEBUG] [net.neoforged.fml.loading.moddiscovery.ModFile/LOADING]: Found mixin config MixinConfig[config=neoforge.mixins.json, requiredMods=[]]
[29Jul2025 12:08:17.384] [main/DEBUG] [net.neoforged.fml.loading.moddiscovery.ModFile/LOADING]: Loading mod file  with languages []
[29Jul2025 12:08:17.385] [main/DEBUG] [net.neoforged.fml.loading.moddiscovery.ModValidator/SCAN]: Found 3 mod files with 2 mods
[29Jul2025 12:08:17.386] [main/DEBUG] [cpw.mods.modlauncher.TransformationServiceDecorator/MODLAUNCHER]: End scan trigger - transformation service fml
[29Jul2025 12:08:17.411] [main/DEBUG] [net.neoforged.fml.util.ServiceLoaderUtil/CORE]: Found 3 implementations of IModLanguageLoader:
[29Jul2025 12:08:17.412] [main/DEBUG] [net.neoforged.fml.util.ServiceLoaderUtil/CORE]: 	net.neoforged.fml.javafmlmod.FMLJavaModLanguageProvider from loader-4.0.41.jar
[29Jul2025 12:08:17.412] [main/DEBUG] [net.neoforged.fml.util.ServiceLoaderUtil/CORE]: 	net.neoforged.fml.lowcodemod.LowCodeModLanguageProvider from loader-4.0.41.jar
[29Jul2025 12:08:17.412] [main/DEBUG] [net.neoforged.fml.util.ServiceLoaderUtil/CORE]: 	net.neoforged.fml.mclanguageprovider.MinecraftModLanguageProvider from loader-4.0.41.jar
[29Jul2025 12:08:17.413] [main/DEBUG] [net.neoforged.fml.loading.LanguageProviderLoader/CORE]: Found language provider javafml, version 4.0.41
[29Jul2025 12:08:17.415] [main/DEBUG] [net.neoforged.fml.loading.LanguageProviderLoader/CORE]: Found language provider lowcodefml, version 4.0.41
[29Jul2025 12:08:17.416] [main/DEBUG] [net.neoforged.fml.loading.LanguageProviderLoader/CORE]: Found language provider minecraft, version 4.0.41
[29Jul2025 12:08:17.423] [main/DEBUG] [net.neoforged.fml.loading.ModSorter/]: Configured system mods: [minecraft, neoforge]
[29Jul2025 12:08:17.423] [main/DEBUG] [net.neoforged.fml.loading.ModSorter/]: Found system mod: minecraft
[29Jul2025 12:08:17.423] [main/DEBUG] [net.neoforged.fml.loading.ModSorter/]: Found system mod: neoforge
[29Jul2025 12:08:17.428] [main/DEBUG] [net.neoforged.fml.loading.ModSorter/LOADING]: Found 0 mod requirements (0 mandatory, 0 optional)
[29Jul2025 12:08:17.430] [main/DEBUG] [net.neoforged.fml.loading.ModSorter/LOADING]: Found 0 mod requirements missing (0 mandatory, 0 optional)
[29Jul2025 12:08:17.463] [main/DEBUG] [net.neoforged.fml.loading.FMLLoader/SCAN]: Adding Access Transformer in C:\Users\vince\AppData\Roaming\PrismLauncher\libraries\net\neoforged\neoforge\21.1.194\neoforge-21.1.194-universal.jar
[29Jul2025 12:08:17.470] [main/DEBUG] [AXFORM/AXFORM]: Loading access transformer accesstransformer.cfg
[29Jul2025 12:08:17.668] [main/DEBUG] [AXFORM/AXFORM]: Loaded access transformer accesstransformer.cfg
[29Jul2025 12:08:17.677] [main/DEBUG] [mixin/]: Adding mixin platform agents for container net.neoforged.fml.loading.mixin.FMLMixinContainerHandle@6917bb4
[29Jul2025 12:08:17.677] [main/DEBUG] [mixin/]: Instancing new MixinPlatformAgentMinecraftForge for net.neoforged.fml.loading.mixin.FMLMixinContainerHandle@6917bb4
[29Jul2025 12:08:17.677] [main/DEBUG] [mixin/]: MixinPlatformAgentMinecraftForge rejected container net.neoforged.fml.loading.mixin.FMLMixinContainerHandle@6917bb4
[29Jul2025 12:08:17.677] [main/DEBUG] [mixin/]: Instancing new MixinPlatformAgentDefault for net.neoforged.fml.loading.mixin.FMLMixinContainerHandle@6917bb4
[29Jul2025 12:08:17.677] [main/DEBUG] [mixin/]: MixinPlatformAgentDefault accepted container net.neoforged.fml.loading.mixin.FMLMixinContainerHandle@6917bb4
[29Jul2025 12:08:17.678] [main/DEBUG] [mixin/]: Instancing new FMLMixinPlatformAgent for net.neoforged.fml.loading.mixin.FMLMixinContainerHandle@6917bb4
[29Jul2025 12:08:17.678] [main/DEBUG] [mixin/]: FMLMixinPlatformAgent accepted container net.neoforged.fml.loading.mixin.FMLMixinContainerHandle@6917bb4
[29Jul2025 12:08:17.721] [main/DEBUG] [cpw.mods.modlauncher.TransformationServicesHandler/MODLAUNCHER]: Transformation services loading transformers
[29Jul2025 12:08:17.722] [main/DEBUG] [cpw.mods.modlauncher.TransformationServiceDecorator/MODLAUNCHER]: Initializing transformers for transformation service mixin
[29Jul2025 12:08:17.723] [main/DEBUG] [cpw.mods.modlauncher.TransformationServiceDecorator/MODLAUNCHER]: Initialized transformers for transformation service mixin
[29Jul2025 12:08:17.723] [main/DEBUG] [cpw.mods.modlauncher.TransformationServiceDecorator/MODLAUNCHER]: Initializing transformers for transformation service fml
[29Jul2025 12:08:17.724] [main/DEBUG] [net.neoforged.fml.loading.FMLServiceProvider/LOADING]: Loading coremod transformers
[29Jul2025 12:08:17.724] [main/DEBUG] [net.neoforged.fml.loading.FMLServiceProvider/CORE]: Not loading coremod script-engine since no mod requested it
[29Jul2025 12:08:17.725] [main/DEBUG] [net.neoforged.fml.util.ServiceLoaderUtil/CORE]: Found 1 implementations of ICoreMod:
[29Jul2025 12:08:17.727] [main/DEBUG] [net.neoforged.fml.util.ServiceLoaderUtil/CORE]: 	net.neoforged.neoforge.coremods.NeoForgeCoreMod from neoforge-21.1.194-universal.jar > net.neoforged.neoforge-coremods-21.1.194.jar
[29Jul2025 12:08:17.742] [main/DEBUG] [net.neoforged.fml.loading.FMLServiceProvider/CORE]: Adding [Target[className=net.minecraft.world.level.biome.Biome, elementName=, elementDescriptor=, targetType=cpw.mods.modlauncher.api.TargetType@5851bd4f]] transformer from core-mod net.neoforged.neoforge.coremods.NeoForgeCoreMod@1ac4ccad in neoforge-21.1.194-universal.jar > net.neoforged.neoforge-coremods-21.1.194.jar
[29Jul2025 12:08:17.743] [main/DEBUG] [net.neoforged.fml.loading.FMLServiceProvider/CORE]: Adding [Target[className=net.minecraft.world.level.levelgen.structure.Structure, elementName=, elementDescriptor=, targetType=cpw.mods.modlauncher.api.TargetType@5851bd4f]] transformer from core-mod net.neoforged.neoforge.coremods.NeoForgeCoreMod@1ac4ccad in neoforge-21.1.194-universal.jar > net.neoforged.neoforge-coremods-21.1.194.jar
[29Jul2025 12:08:17.743] [main/DEBUG] [net.neoforged.fml.loading.FMLServiceProvider/CORE]: Adding [Target[className=net.minecraft.world.level.block.FlowerPotBlock, elementName=, elementDescriptor=, targetType=cpw.mods.modlauncher.api.TargetType@5851bd4f]] transformer from core-mod net.neoforged.neoforge.coremods.NeoForgeCoreMod@1ac4ccad in neoforge-21.1.194-universal.jar > net.neoforged.neoforge-coremods-21.1.194.jar
[29Jul2025 12:08:17.743] [main/DEBUG] [net.neoforged.fml.loading.FMLServiceProvider/CORE]: Adding [Target[className=net/minecraft/world/entity/ai/village/VillageSiege, elementName=, elementDescriptor=, targetType=cpw.mods.modlauncher.api.TargetType@5851bd4f], Target[className=net/minecraft/world/level/NaturalSpawner, elementName=, elementDescriptor=, targetType=cpw.mods.modlauncher.api.TargetType@5851bd4f], Target[className=net/minecraft/world/entity/monster/ZombieVillager, elementName=, elementDescriptor=, targetType=cpw.mods.modlauncher.api.TargetType@5851bd4f], Target[className=net/minecraft/world/level/levelgen/PhantomSpawner, elementName=, elementDescriptor=, targetType=cpw.mods.modlauncher.api.TargetType@5851bd4f], Target[className=net/minecraft/world/level/levelgen/structure/structures/OceanMonumentPieces$OceanMonumentPiece, elementName=, elementDescriptor=, targetType=cpw.mods.modlauncher.api.TargetType@5851bd4f], Target[className=net/minecraft/world/entity/animal/horse/SkeletonTrapGoal, elementName=, elementDescriptor=, targetType=cpw.mods.modlauncher.api.TargetType@5851bd4f], Target[className=net/minecraft/world/level/levelgen/structure/templatesystem/StructureTemplate, elementName=, elementDescriptor=, targetType=cpw.mods.modlauncher.api.TargetType@5851bd4f], Target[className=net/minecraft/world/entity/animal/frog/Tadpole, elementName=, elementDescriptor=, targetType=cpw.mods.modlauncher.api.TargetType@5851bd4f], Target[className=net/minecraft/world/entity/npc/Villager, elementName=, elementDescriptor=, targetType=cpw.mods.modlauncher.api.TargetType@5851bd4f], Target[className=net/minecraft/world/entity/monster/Spider, elementName=, elementDescriptor=, targetType=cpw.mods.modlauncher.api.TargetType@5851bd4f], Target[className=net/minecraft/world/level/levelgen/structure/structures/OceanRuinPieces$OceanRuinPiece, elementName=, elementDescriptor=, targetType=cpw.mods.modlauncher.api.TargetType@5851bd4f], Target[className=net/minecraft/world/entity/monster/Zombie, elementName=, elementDescriptor=, targetType=cpw.mods.modlauncher.api.TargetType@5851bd4f], Target[className=net/minecraft/world/entity/raid/Raid, elementName=, elementDescriptor=, targetType=cpw.mods.modlauncher.api.TargetType@5851bd4f], Target[className=net/minecraft/world/level/levelgen/structure/structures/SwampHutPiece, elementName=, elementDescriptor=, targetType=cpw.mods.modlauncher.api.TargetType@5851bd4f], Target[className=net/minecraft/server/commands/RaidCommand, elementName=, elementDescriptor=, targetType=cpw.mods.modlauncher.api.TargetType@5851bd4f], Target[className=net/minecraft/world/entity/npc/CatSpawner, elementName=, elementDescriptor=, targetType=cpw.mods.modlauncher.api.TargetType@5851bd4f], Target[className=net/minecraft/world/level/levelgen/PatrolSpawner, elementName=, elementDescriptor=, targetType=cpw.mods.modlauncher.api.TargetType@5851bd4f], Target[className=net/minecraft/server/commands/SummonCommand, elementName=, elementDescriptor=, targetType=cpw.mods.modlauncher.api.TargetType@5851bd4f], Target[className=net/minecraft/world/level/levelgen/structure/structures/WoodlandMansionPieces$WoodlandMansionPiece, elementName=, elementDescriptor=, targetType=cpw.mods.modlauncher.api.TargetType@5851bd4f], Target[className=net/minecraft/world/entity/monster/Evoker$EvokerSummonSpellGoal, elementName=, elementDescriptor=, targetType=cpw.mods.modlauncher.api.TargetType@5851bd4f], Target[className=net/minecraft/world/entity/EntityType, elementName=, elementDescriptor=, targetType=cpw.mods.modlauncher.api.TargetType@5851bd4f], Target[className=net/minecraft/world/entity/monster/Strider, elementName=, elementDescriptor=, targetType=cpw.mods.modlauncher.api.TargetType@5851bd4f]] transformer from core-mod net.neoforged.neoforge.coremods.NeoForgeCoreMod@1ac4ccad in neoforge-21.1.194-universal.jar > net.neoforged.neoforge-coremods-21.1.194.jar
[29Jul2025 12:08:17.756] [main/DEBUG] [cpw.mods.modlauncher.TransformStore/MODLAUNCHER]: Adding transformer net.neoforged.neoforge.coremods.ReplaceFieldWithGetterAccess@58ff8d79 to Target : cpw.mods.modlauncher.api.TargetType@5851bd4f {Lnet/minecraft/world/level/biome/Biome;} {} {V}
[29Jul2025 12:08:17.761] [main/DEBUG] [cpw.mods.modlauncher.TransformStore/MODLAUNCHER]: Adding transformer net.neoforged.neoforge.coremods.ReplaceFieldWithGetterAccess@4339baec to Target : cpw.mods.modlauncher.api.TargetType@5851bd4f {Lnet/minecraft/world/level/levelgen/structure/Structure;} {} {V}
[29Jul2025 12:08:17.762] [main/DEBUG] [cpw.mods.modlauncher.TransformStore/MODLAUNCHER]: Adding transformer net.neoforged.neoforge.coremods.ReplaceFieldWithGetterAccess@62db3891 to Target : cpw.mods.modlauncher.api.TargetType@5851bd4f {Lnet/minecraft/world/level/block/FlowerPotBlock;} {} {V}
[29Jul2025 12:08:17.763] [main/DEBUG] [cpw.mods.modlauncher.TransformStore/MODLAUNCHER]: Adding transformer net.neoforged.neoforge.coremods.MethodRedirector@61cd1c71 to Target : cpw.mods.modlauncher.api.TargetType@5851bd4f {Lnet/minecraft/world/entity/ai/village/VillageSiege;} {} {V}
[29Jul2025 12:08:17.763] [main/DEBUG] [cpw.mods.modlauncher.TransformStore/MODLAUNCHER]: Adding transformer net.neoforged.neoforge.coremods.MethodRedirector@61cd1c71 to Target : cpw.mods.modlauncher.api.TargetType@5851bd4f {Lnet/minecraft/world/level/NaturalSpawner;} {} {V}
[29Jul2025 12:08:17.763] [main/DEBUG] [cpw.mods.modlauncher.TransformStore/MODLAUNCHER]: Adding transformer net.neoforged.neoforge.coremods.MethodRedirector@61cd1c71 to Target : cpw.mods.modlauncher.api.TargetType@5851bd4f {Lnet/minecraft/world/entity/monster/ZombieVillager;} {} {V}
[29Jul2025 12:08:17.765] [main/DEBUG] [cpw.mods.modlauncher.TransformStore/MODLAUNCHER]: Adding transformer net.neoforged.neoforge.coremods.MethodRedirector@61cd1c71 to Target : cpw.mods.modlauncher.api.TargetType@5851bd4f {Lnet/minecraft/world/level/levelgen/PhantomSpawner;} {} {V}
[29Jul2025 12:08:17.766] [main/DEBUG] [cpw.mods.modlauncher.TransformStore/MODLAUNCHER]: Adding transformer net.neoforged.neoforge.coremods.MethodRedirector@61cd1c71 to Target : cpw.mods.modlauncher.api.TargetType@5851bd4f {Lnet/minecraft/world/level/levelgen/structure/structures/OceanMonumentPieces$OceanMonumentPiece;} {} {V}
[29Jul2025 12:08:17.766] [main/DEBUG] [cpw.mods.modlauncher.TransformStore/MODLAUNCHER]: Adding transformer net.neoforged.neoforge.coremods.MethodRedirector@61cd1c71 to Target : cpw.mods.modlauncher.api.TargetType@5851bd4f {Lnet/minecraft/world/entity/animal/horse/SkeletonTrapGoal;} {} {V}
[29Jul2025 12:08:17.766] [main/DEBUG] [cpw.mods.modlauncher.TransformStore/MODLAUNCHER]: Adding transformer net.neoforged.neoforge.coremods.MethodRedirector@61cd1c71 to Target : cpw.mods.modlauncher.api.TargetType@5851bd4f {Lnet/minecraft/world/level/levelgen/structure/templatesystem/StructureTemplate;} {} {V}
[29Jul2025 12:08:17.767] [main/DEBUG] [cpw.mods.modlauncher.TransformStore/MODLAUNCHER]: Adding transformer net.neoforged.neoforge.coremods.MethodRedirector@61cd1c71 to Target : cpw.mods.modlauncher.api.TargetType@5851bd4f {Lnet/minecraft/world/entity/animal/frog/Tadpole;} {} {V}
[29Jul2025 12:08:17.767] [main/DEBUG] [cpw.mods.modlauncher.TransformStore/MODLAUNCHER]: Adding transformer net.neoforged.neoforge.coremods.MethodRedirector@61cd1c71 to Target : cpw.mods.modlauncher.api.TargetType@5851bd4f {Lnet/minecraft/world/entity/npc/Villager;} {} {V}
[29Jul2025 12:08:17.767] [main/DEBUG] [cpw.mods.modlauncher.TransformStore/MODLAUNCHER]: Adding transformer net.neoforged.neoforge.coremods.MethodRedirector@61cd1c71 to Target : cpw.mods.modlauncher.api.TargetType@5851bd4f {Lnet/minecraft/world/entity/monster/Spider;} {} {V}
[29Jul2025 12:08:17.767] [main/DEBUG] [cpw.mods.modlauncher.TransformStore/MODLAUNCHER]: Adding transformer net.neoforged.neoforge.coremods.MethodRedirector@61cd1c71 to Target : cpw.mods.modlauncher.api.TargetType@5851bd4f {Lnet/minecraft/world/level/levelgen/structure/structures/OceanRuinPieces$OceanRuinPiece;} {} {V}
[29Jul2025 12:08:17.767] [main/DEBUG] [cpw.mods.modlauncher.TransformStore/MODLAUNCHER]: Adding transformer net.neoforged.neoforge.coremods.MethodRedirector@61cd1c71 to Target : cpw.mods.modlauncher.api.TargetType@5851bd4f {Lnet/minecraft/world/entity/monster/Zombie;} {} {V}
[29Jul2025 12:08:17.767] [main/DEBUG] [cpw.mods.modlauncher.TransformStore/MODLAUNCHER]: Adding transformer net.neoforged.neoforge.coremods.MethodRedirector@61cd1c71 to Target : cpw.mods.modlauncher.api.TargetType@5851bd4f {Lnet/minecraft/world/entity/raid/Raid;} {} {V}
[29Jul2025 12:08:17.767] [main/DEBUG] [cpw.mods.modlauncher.TransformStore/MODLAUNCHER]: Adding transformer net.neoforged.neoforge.coremods.MethodRedirector@61cd1c71 to Target : cpw.mods.modlauncher.api.TargetType@5851bd4f {Lnet/minecraft/world/level/levelgen/structure/structures/SwampHutPiece;} {} {V}
[29Jul2025 12:08:17.767] [main/DEBUG] [cpw.mods.modlauncher.TransformStore/MODLAUNCHER]: Adding transformer net.neoforged.neoforge.coremods.MethodRedirector@61cd1c71 to Target : cpw.mods.modlauncher.api.TargetType@5851bd4f {Lnet/minecraft/server/commands/RaidCommand;} {} {V}
[29Jul2025 12:08:17.767] [main/DEBUG] [cpw.mods.modlauncher.TransformStore/MODLAUNCHER]: Adding transformer net.neoforged.neoforge.coremods.MethodRedirector@61cd1c71 to Target : cpw.mods.modlauncher.api.TargetType@5851bd4f {Lnet/minecraft/world/entity/npc/CatSpawner;} {} {V}
[29Jul2025 12:08:17.767] [main/DEBUG] [cpw.mods.modlauncher.TransformStore/MODLAUNCHER]: Adding transformer net.neoforged.neoforge.coremods.MethodRedirector@61cd1c71 to Target : cpw.mods.modlauncher.api.TargetType@5851bd4f {Lnet/minecraft/world/level/levelgen/PatrolSpawner;} {} {V}
[29Jul2025 12:08:17.767] [main/DEBUG] [cpw.mods.modlauncher.TransformStore/MODLAUNCHER]: Adding transformer net.neoforged.neoforge.coremods.MethodRedirector@61cd1c71 to Target : cpw.mods.modlauncher.api.TargetType@5851bd4f {Lnet/minecraft/server/commands/SummonCommand;} {} {V}
[29Jul2025 12:08:17.767] [main/DEBUG] [cpw.mods.modlauncher.TransformStore/MODLAUNCHER]: Adding transformer net.neoforged.neoforge.coremods.MethodRedirector@61cd1c71 to Target : cpw.mods.modlauncher.api.TargetType@5851bd4f {Lnet/minecraft/world/level/levelgen/structure/structures/WoodlandMansionPieces$WoodlandMansionPiece;} {} {V}
[29Jul2025 12:08:17.767] [main/DEBUG] [cpw.mods.modlauncher.TransformStore/MODLAUNCHER]: Adding transformer net.neoforged.neoforge.coremods.MethodRedirector@61cd1c71 to Target : cpw.mods.modlauncher.api.TargetType@5851bd4f {Lnet/minecraft/world/entity/monster/Evoker$EvokerSummonSpellGoal;} {} {V}
[29Jul2025 12:08:17.767] [main/DEBUG] [cpw.mods.modlauncher.TransformStore/MODLAUNCHER]: Adding transformer net.neoforged.neoforge.coremods.MethodRedirector@61cd1c71 to Target : cpw.mods.modlauncher.api.TargetType@5851bd4f {Lnet/minecraft/world/entity/EntityType;} {} {V}
[29Jul2025 12:08:17.767] [main/DEBUG] [cpw.mods.modlauncher.TransformStore/MODLAUNCHER]: Adding transformer net.neoforged.neoforge.coremods.MethodRedirector@61cd1c71 to Target : cpw.mods.modlauncher.api.TargetType@5851bd4f {Lnet/minecraft/world/entity/monster/Strider;} {} {V}
[29Jul2025 12:08:17.768] [main/DEBUG] [cpw.mods.modlauncher.TransformationServiceDecorator/MODLAUNCHER]: Initialized transformers for transformation service fml
[29Jul2025 12:08:17.955] [main/DEBUG] [mixin/]: Processing prepare() for PlatformAgent[MixinPlatformAgentDefault:ModLauncher Root Container(ModLauncher:4f56a0a2)]
[29Jul2025 12:08:17.956] [main/DEBUG] [mixin/]: Processing prepare() for PlatformAgent[MixinPlatformAgentDefault:net.neoforged.fml.loading.mixin.FMLMixinContainerHandle@6917bb4]
[29Jul2025 12:08:17.956] [main/DEBUG] [mixin/]: Processing prepare() for PlatformAgent[FMLMixinPlatformAgent:null]
[29Jul2025 12:08:18.106] [main/DEBUG] [mixin/]: Processing launch tasks for PlatformAgent[MixinPlatformAgentDefault:ModLauncher Root Container(ModLauncher:4f56a0a2)]
[29Jul2025 12:08:18.106] [main/DEBUG] [mixin/]: Adding mixin platform agents for container SecureJarResource(mixin_synthetic)
[29Jul2025 12:08:18.107] [main/DEBUG] [mixin/]: Instancing new MixinPlatformAgentMinecraftForge for SecureJarResource(mixin_synthetic)
[29Jul2025 12:08:18.107] [main/DEBUG] [mixin/]: MixinPlatformAgentMinecraftForge rejected container SecureJarResource(mixin_synthetic)
[29Jul2025 12:08:18.107] [main/DEBUG] [mixin/]: Instancing new MixinPlatformAgentDefault for SecureJarResource(mixin_synthetic)
[29Jul2025 12:08:18.107] [main/DEBUG] [mixin/]: MixinPlatformAgentDefault accepted container SecureJarResource(mixin_synthetic)
[29Jul2025 12:08:18.107] [main/DEBUG] [mixin/]: Instancing new FMLMixinPlatformAgent for SecureJarResource(mixin_synthetic)
[29Jul2025 12:08:18.107] [main/DEBUG] [mixin/]: FMLMixinPlatformAgent rejected container SecureJarResource(mixin_synthetic)
[29Jul2025 12:08:18.107] [main/DEBUG] [mixin/]: Processing prepare() for PlatformAgent[MixinPlatformAgentDefault:SecureJarResource(mixin_synthetic)]
[29Jul2025 12:08:18.108] [main/DEBUG] [mixin/]: Adding mixin platform agents for container SecureJarResource(minecraft)
[29Jul2025 12:08:18.108] [main/DEBUG] [mixin/]: Instancing new MixinPlatformAgentMinecraftForge for SecureJarResource(minecraft)
[29Jul2025 12:08:18.108] [main/DEBUG] [mixin/]: MixinPlatformAgentMinecraftForge rejected container SecureJarResource(minecraft)
[29Jul2025 12:08:18.108] [main/DEBUG] [mixin/]: Instancing new MixinPlatformAgentDefault for SecureJarResource(minecraft)
[29Jul2025 12:08:18.108] [main/DEBUG] [mixin/]: MixinPlatformAgentDefault accepted container SecureJarResource(minecraft)
[29Jul2025 12:08:18.108] [main/DEBUG] [mixin/]: Instancing new FMLMixinPlatformAgent for SecureJarResource(minecraft)
[29Jul2025 12:08:18.109] [main/DEBUG] [mixin/]: FMLMixinPlatformAgent rejected container SecureJarResource(minecraft)
[29Jul2025 12:08:18.109] [main/DEBUG] [mixin/]: Processing prepare() for PlatformAgent[MixinPlatformAgentDefault:SecureJarResource(minecraft)]
[29Jul2025 12:08:18.109] [main/DEBUG] [mixin/]: Adding mixin platform agents for container SecureJarResource(neoforge)
[29Jul2025 12:08:18.109] [main/DEBUG] [mixin/]: Instancing new MixinPlatformAgentMinecraftForge for SecureJarResource(neoforge)
[29Jul2025 12:08:18.109] [main/DEBUG] [mixin/]: MixinPlatformAgentMinecraftForge rejected container SecureJarResource(neoforge)
[29Jul2025 12:08:18.109] [main/DEBUG] [mixin/]: Instancing new MixinPlatformAgentDefault for SecureJarResource(neoforge)
[29Jul2025 12:08:18.109] [main/DEBUG] [mixin/]: MixinPlatformAgentDefault accepted container SecureJarResource(neoforge)
[29Jul2025 12:08:18.109] [main/DEBUG] [mixin/]: Instancing new FMLMixinPlatformAgent for SecureJarResource(neoforge)
[29Jul2025 12:08:18.109] [main/DEBUG] [mixin/]: FMLMixinPlatformAgent rejected container SecureJarResource(neoforge)
[29Jul2025 12:08:18.109] [main/DEBUG] [mixin/]: Processing prepare() for PlatformAgent[MixinPlatformAgentDefault:SecureJarResource(neoforge)]
[29Jul2025 12:08:18.110] [main/DEBUG] [mixin/]: Adding mixin platform agents for container SecureJarResource(mixinextras.neoforge)
[29Jul2025 12:08:18.110] [main/DEBUG] [mixin/]: Instancing new MixinPlatformAgentMinecraftForge for SecureJarResource(mixinextras.neoforge)
[29Jul2025 12:08:18.110] [main/DEBUG] [mixin/]: MixinPlatformAgentMinecraftForge rejected container SecureJarResource(mixinextras.neoforge)
[29Jul2025 12:08:18.110] [main/DEBUG] [mixin/]: Instancing new MixinPlatformAgentDefault for SecureJarResource(mixinextras.neoforge)
[29Jul2025 12:08:18.110] [main/DEBUG] [mixin/]: MixinPlatformAgentDefault accepted container SecureJarResource(mixinextras.neoforge)
[29Jul2025 12:08:18.110] [main/DEBUG] [mixin/]: Instancing new FMLMixinPlatformAgent for SecureJarResource(mixinextras.neoforge)
[29Jul2025 12:08:18.110] [main/DEBUG] [mixin/]: FMLMixinPlatformAgent rejected container SecureJarResource(mixinextras.neoforge)
[29Jul2025 12:08:18.111] [main/DEBUG] [mixin/]: Processing prepare() for PlatformAgent[MixinPlatformAgentDefault:SecureJarResource(mixinextras.neoforge)]
[29Jul2025 12:08:18.111] [main/DEBUG] [mixin/]: Registering mixin config: mixinextras.init.mixins.json source=SecureJarResource(mixinextras.neoforge)
[29Jul2025 12:08:18.113] [main/DEBUG] [mixin/]: inject() running with 6 agents
[29Jul2025 12:08:18.115] [main/DEBUG] [mixin/]: Processing inject() for PlatformAgent[MixinPlatformAgentDefault:ModLauncher Root Container(ModLauncher:4f56a0a2)]
[29Jul2025 12:08:18.115] [main/DEBUG] [mixin/]: Processing inject() for PlatformAgent[MixinPlatformAgentDefault:net.neoforged.fml.loading.mixin.FMLMixinContainerHandle@6917bb4]
[29Jul2025 12:08:18.116] [main/DEBUG] [mixin/]: Processing inject() for PlatformAgent[FMLMixinPlatformAgent:null]
[29Jul2025 12:08:18.116] [main/DEBUG] [mixin/]: Processing inject() for PlatformAgent[MixinPlatformAgentDefault:SecureJarResource(mixin_synthetic)]
[29Jul2025 12:08:18.116] [main/DEBUG] [mixin/]: Processing inject() for PlatformAgent[MixinPlatformAgentDefault:SecureJarResource(minecraft)]
[29Jul2025 12:08:18.116] [main/DEBUG] [mixin/]: Processing inject() for PlatformAgent[MixinPlatformAgentDefault:SecureJarResource(neoforge)]
[29Jul2025 12:08:18.116] [main/DEBUG] [mixin/]: Processing inject() for PlatformAgent[MixinPlatformAgentDefault:SecureJarResource(mixinextras.neoforge)]
[29Jul2025 12:08:18.116] [main/INFO] [cpw.mods.modlauncher.LaunchServiceHandler/MODLAUNCHER]: Launching target 'forgeclient' with arguments [--version, 1.21.1, --gameDir, C:\Users\vince\AppData\Roaming\PrismLauncher\instances\Vision Craft 2.0\minecraft, --assetsDir, C:\Users\vince\AppData\Roaming\PrismLauncher\assets, --uuid, 1753882732e84313967e482549b9d0a0, --username, centmeteenvin, --assetIndex, 17, --accessToken, ❄❄❄❄❄❄❄❄, --userType, msa, --versionType, release, --width, 854, --height, 480]
[29Jul2025 12:08:18.232] [main/DEBUG] [mixin/]: Preparing mixins for MixinEnvironment[DEFAULT]
[29Jul2025 12:08:18.233] [main/DEBUG] [mixin/]: Selecting config neoforge.mixins.json
[29Jul2025 12:08:18.243] [main/DEBUG] [mixin/]: Selecting config mixinextras.init.mixins.json
[29Jul2025 12:08:18.326] [main/DEBUG] [MixinExtras|Service/]: com.llamalad7.mixinextras.service.MixinExtrasServiceImpl(version=0.4.1) is taking over from null
[29Jul2025 12:08:18.415] [main/DEBUG] [mixin/]: Registering new injector for @Inject with org.spongepowered.asm.mixin.injection.struct.CallbackInjectionInfo
[29Jul2025 12:08:18.419] [main/DEBUG] [mixin/]: Registering new injector for @ModifyArg with org.spongepowered.asm.mixin.injection.struct.ModifyArgInjectionInfo
[29Jul2025 12:08:18.423] [main/DEBUG] [mixin/]: Registering new injector for @ModifyArgs with org.spongepowered.asm.mixin.injection.struct.ModifyArgsInjectionInfo
[29Jul2025 12:08:18.428] [main/DEBUG] [mixin/]: Registering new injector for @Redirect with org.spongepowered.asm.mixin.injection.struct.RedirectInjectionInfo
[29Jul2025 12:08:18.432] [main/DEBUG] [mixin/]: Registering new injector for @ModifyVariable with org.spongepowered.asm.mixin.injection.struct.ModifyVariableInjectionInfo
[29Jul2025 12:08:18.435] [main/DEBUG] [mixin/]: Registering new injector for @ModifyConstant with org.spongepowered.asm.mixin.injection.struct.ModifyConstantInjectionInfo
[29Jul2025 12:08:18.459] [main/DEBUG] [mixin/]: Preparing neoforge.mixins.json (2)
[29Jul2025 12:08:18.504] [main/DEBUG] [net.neoforged.accesstransformer.AccessTransformer/AXFORM]: Transforming net.minecraft.world.level.block.entity.BlockEntityType INNERCLASS BlockEntitySupplier to access PUBLIC and LEAVE
[29Jul2025 12:08:18.553] [main/TRACE] [mixin/]: Added class metadata for net/minecraft/world/level/block/entity/BlockEntityType to metadata cache
[29Jul2025 12:08:18.565] [main/TRACE] [mixin/]: Added class metadata for net/minecraft/core/MappedRegistry to metadata cache
[29Jul2025 12:08:18.567] [main/DEBUG] [mixin/]: Preparing mixinextras.init.mixins.json (0)
[29Jul2025 12:08:18.583] [main/DEBUG] [mixin/]: Prepared 2 mixins in 0.347 sec (173.5ms avg) (0ms load, 0ms transform, 0ms plugin)
[29Jul2025 12:08:18.585] [main/DEBUG] [net.neoforged.fml.common.asm.RuntimeDistCleaner/DISTXFORM]: Removing Class Annotation: net/minecraft/client/gui/screens/LoadingOverlay @Lnet/neoforged/api/distmarker/OnlyIn;
[29Jul2025 12:08:18.591] [main/DEBUG] [net.neoforged.fml.common.asm.RuntimeDistCleaner/DISTXFORM]: Removing Class Annotation: net/minecraft/client/renderer/texture/AbstractTexture @Lnet/neoforged/api/distmarker/OnlyIn;
[29Jul2025 12:08:18.593] [main/DEBUG] [net.neoforged.fml.common.asm.RuntimeDistCleaner/DISTXFORM]: Removing Class Annotation: net/minecraft/client/gui/screens/LoadingOverlay$LogoTexture @Lnet/neoforged/api/distmarker/OnlyIn;
[29Jul2025 12:08:18.598] [main/DEBUG] [net.neoforged.fml.common.asm.RuntimeDistCleaner/DISTXFORM]: Removing Class Annotation: com/mojang/blaze3d/vertex/VertexConsumer @Lnet/neoforged/api/distmarker/OnlyIn;
[29Jul2025 12:08:18.604] [main/DEBUG] [net.neoforged.fml.common.asm.RuntimeDistCleaner/DISTXFORM]: Removing Class Annotation: net/minecraft/client/gui/GuiGraphics @Lnet/neoforged/api/distmarker/OnlyIn;
[29Jul2025 12:08:18.628] [main/DEBUG] [net.neoforged.fml.common.asm.RuntimeDistCleaner/DISTXFORM]: Removing Class Annotation: net/minecraft/client/Minecraft @Lnet/neoforged/api/distmarker/OnlyIn;
[29Jul2025 12:08:18.654] [main/DEBUG] [net.neoforged.accesstransformer.AccessTransformer/AXFORM]: Transforming net.minecraft.util.thread.BlockableEventLoop METHOD submitAsync(Ljava/lang/Runnable;)Ljava/util/concurrent/CompletableFuture; to access PUBLIC and LEAVE
[29Jul2025 12:08:19.208] [main/DEBUG] [io.netty.util.internal.logging.InternalLoggerFactory/]: Using SLF4J as the default logging framework
[29Jul2025 12:08:19.218] [main/DEBUG] [io.netty.util.ResourceLeakDetector/]: -Dio.netty.leakDetection.level: simple
[29Jul2025 12:08:19.218] [main/DEBUG] [io.netty.util.ResourceLeakDetector/]: -Dio.netty.leakDetection.targetRecords: 4
[29Jul2025 12:08:20.762] [main/DEBUG] [oshi.util.FileUtil/]: No oshi.properties file found from ClassLoader cpw.mods.modlauncher.TransformingClassLoader@6eb17ec8
[29Jul2025 12:08:21.189] [Datafixer Bootstrap/INFO] [com.mojang.datafixers.DataFixerBuilder/]: 229 Datafixer optimizations took 478 milliseconds
[29Jul2025 12:08:21.407] [main/DEBUG] [oshi.util.FileUtil/]: No oshi.architecture.properties file found from ClassLoader cpw.mods.modlauncher.TransformingClassLoader@6eb17ec8
[29Jul2025 12:08:21.526] [pool-6-thread-1/INFO] [MixinExtras|Service/]: Initializing MixinExtras via com.llamalad7.mixinextras.service.MixinExtrasServiceImpl(version=0.4.1).
[29Jul2025 12:08:21.528] [pool-6-thread-1/DEBUG] [mixin/]: Registering new injector for @SugarWrapper with com.llamalad7.mixinextras.sugar.impl.SugarWrapperInjectionInfo
[29Jul2025 12:08:21.528] [pool-6-thread-1/DEBUG] [mixin/]: Registering new injector for @FactoryRedirectWrapper with com.llamalad7.mixinextras.wrapper.factory.FactoryRedirectWrapperInjectionInfo
[29Jul2025 12:08:21.533] [pool-6-thread-1/DEBUG] [mixin/]: Mixing MappedRegistryAccessor from neoforge.mixins.json into net.minecraft.core.MappedRegistry
[29Jul2025 12:08:21.540] [pool-6-thread-1/DEBUG] [mixin/]: neoforge.mixins.json:MappedRegistryAccessor from mod neoforge: Class version 65 required is higher than the class version supported by the current version of Mixin (JAVA_16 supports class version 60)
[29Jul2025 12:08:22.911] [pool-6-thread-1/DEBUG] [mixin/]: Mixing BlockEntityTypeAccessor from neoforge.mixins.json into net.minecraft.world.level.block.entity.BlockEntityType
[29Jul2025 12:08:22.912] [pool-6-thread-1/DEBUG] [mixin/]: neoforge.mixins.json:BlockEntityTypeAccessor from mod neoforge: Class version 65 required is higher than the class version supported by the current version of Mixin (JAVA_16 supports class version 60)
[29Jul2025 12:08:24.675] [pool-6-thread-1/DEBUG] [io.netty.util.internal.PlatformDependent0/]: -Dio.netty.noUnsafe: false
[29Jul2025 12:08:24.675] [pool-6-thread-1/DEBUG] [io.netty.util.internal.PlatformDependent0/]: Java version: 21
[29Jul2025 12:08:24.676] [pool-6-thread-1/DEBUG] [io.netty.util.internal.PlatformDependent0/]: sun.misc.Unsafe.theUnsafe: available
[29Jul2025 12:08:24.677] [pool-6-thread-1/DEBUG] [io.netty.util.internal.PlatformDependent0/]: sun.misc.Unsafe.copyMemory: available
[29Jul2025 12:08:24.678] [pool-6-thread-1/DEBUG] [io.netty.util.internal.PlatformDependent0/]: sun.misc.Unsafe.storeFence: available
[29Jul2025 12:08:24.678] [pool-6-thread-1/DEBUG] [io.netty.util.internal.PlatformDependent0/]: java.nio.Buffer.address: available
[29Jul2025 12:08:24.680] [pool-6-thread-1/DEBUG] [io.netty.util.internal.PlatformDependent0/]: java.nio.Bits.unaligned: available, true
[29Jul2025 12:08:24.682] [pool-6-thread-1/DEBUG] [io.netty.util.internal.PlatformDependent0/]: java.nio.DirectByteBuffer.<init>(long, {int,long}): unavailable
[29Jul2025 12:08:24.683] [pool-6-thread-1/DEBUG] [io.netty.util.internal.PlatformDependent/]: sun.misc.Unsafe: available
[29Jul2025 12:08:24.683] [pool-6-thread-1/DEBUG] [io.netty.util.internal.PlatformDependent/]: maxDirectMemory: 8589934592 bytes (maybe)
[29Jul2025 12:08:24.683] [pool-6-thread-1/DEBUG] [io.netty.util.internal.PlatformDependent/]: -Dio.netty.tmpdir: C:\Users\vince\AppData\Local\Temp (java.io.tmpdir)
[29Jul2025 12:08:24.683] [pool-6-thread-1/DEBUG] [io.netty.util.internal.PlatformDependent/]: -Dio.netty.bitMode: 64 (sun.arch.data.model)
[29Jul2025 12:08:24.684] [pool-6-thread-1/DEBUG] [io.netty.util.internal.PlatformDependent/]: Platform: Windows
[29Jul2025 12:08:24.685] [pool-6-thread-1/DEBUG] [io.netty.util.internal.PlatformDependent/]: -Dio.netty.maxDirectMemory: -1 bytes
[29Jul2025 12:08:24.685] [pool-6-thread-1/DEBUG] [io.netty.util.internal.PlatformDependent/]: -Dio.netty.uninitializedArrayAllocationThreshold: -1
[29Jul2025 12:08:24.688] [pool-6-thread-1/DEBUG] [io.netty.util.internal.CleanerJava9/]: java.nio.ByteBuffer.cleaner(): available
[29Jul2025 12:08:24.688] [pool-6-thread-1/DEBUG] [io.netty.util.internal.PlatformDependent/]: -Dio.netty.noPreferDirect: false
[29Jul2025 12:08:27.659] [Render thread/WARN] [net.minecraft.server.packs.VanillaPackResourcesBuilder/]: Assets URL 'union:/C:/Users/vince/AppData/Roaming/PrismLauncher/libraries/net/minecraft/client/1.21.1-20240808.144430/client-1.21.1-20240808.144430-srg.jar%23188!/assets/.mcassetsroot' uses unexpected schema
[29Jul2025 12:08:27.661] [Render thread/WARN] [net.minecraft.server.packs.VanillaPackResourcesBuilder/]: Assets URL 'union:/C:/Users/vince/AppData/Roaming/PrismLauncher/libraries/net/minecraft/client/1.21.1-20240808.144430/client-1.21.1-20240808.144430-srg.jar%23188!/data/.mcassetsroot' uses unexpected schema
[29Jul2025 12:08:27.743] [Render thread/INFO] [com.mojang.authlib.yggdrasil.YggdrasilAuthenticationService/]: Environment: Environment[sessionHost=https://sessionserver.mojang.com, servicesHost=https://api.minecraftservices.com, name=PROD]
[29Jul2025 12:08:27.762] [Render thread/INFO] [net.minecraft.client.Minecraft/]: Setting user: centmeteenvin
[29Jul2025 12:08:28.022] [Render thread/INFO] [net.minecraft.client.Minecraft/]: Backend library: LWJGL version 3.3.3+5
[29Jul2025 12:08:28.433] [Render thread/DEBUG] [net.neoforged.fml.ModWorkManager/LOADING]: Using 16 threads for parallel mod-loading
[29Jul2025 12:08:28.494] [Render thread/DEBUG] [net.neoforged.fml.javafmlmod.FMLModContainer/LOADING]: Creating FMLModContainer instance for [net.neoforged.neoforge.common.NeoForgeMod, net.neoforged.neoforge.client.ClientNeoForgeMod]
[29Jul2025 12:08:28.561] [modloading-worker-0/DEBUG] [net.neoforged.neoforge.internal.versions.neoforge.NeoForgeVersion/CORE]: Found NeoForge version 21.1.194
[29Jul2025 12:08:28.562] [modloading-worker-0/DEBUG] [net.neoforged.neoforge.internal.versions.neoforge.NeoForgeVersion/CORE]: Found FML version 4.0.41
[29Jul2025 12:08:28.562] [modloading-worker-0/INFO] [net.neoforged.neoforge.common.NeoForgeMod/NEOFORGE-MOD]: NeoForge mod loading, version 21.1.194, for MC 1.21.1
[29Jul2025 12:08:28.619] [modloading-worker-0/DEBUG] [net.neoforged.fml.config.ConfigTracker/CONFIG]: Config file neoforge-client.toml for neoforge tracking
[29Jul2025 12:08:28.620] [modloading-worker-0/DEBUG] [net.neoforged.fml.config.ConfigTracker/CONFIG]: Config file neoforge-server.toml for neoforge tracking
[29Jul2025 12:08:28.620] [modloading-worker-0/DEBUG] [net.neoforged.fml.config.ConfigTracker/CONFIG]: Config file neoforge-common.toml for neoforge tracking
[29Jul2025 12:08:28.726] [modloading-worker-0/DEBUG] [net.neoforged.fml.javafmlmod.AutomaticEventSubscriber/LOADING]: Attempting to inject @EventBusSubscriber classes into the eventbus for neoforge
[29Jul2025 12:08:28.730] [modloading-worker-0/DEBUG] [net.neoforged.fml.javafmlmod.AutomaticEventSubscriber/LOADING]: Scanning class net.neoforged.neoforge.server.command.ConfigCommand for @SubscribeEvent-annotated methods
[29Jul2025 12:08:28.734] [modloading-worker-0/DEBUG] [net.neoforged.fml.javafmlmod.AutomaticEventSubscriber/]: Subscribing @EventBusSubscriber class Lnet/neoforged/neoforge/server/command/ConfigCommand; to the game event bus
[29Jul2025 12:08:28.737] [modloading-worker-0/DEBUG] [net.neoforged.fml.javafmlmod.AutomaticEventSubscriber/LOADING]: Scanning class net.neoforged.neoforge.network.filters.GenericPacketSplitter for @SubscribeEvent-annotated methods
[29Jul2025 12:08:28.799] [modloading-worker-0/DEBUG] [io.netty.buffer.AbstractByteBuf/]: -Dio.netty.buffer.checkAccessible: true
[29Jul2025 12:08:28.799] [modloading-worker-0/DEBUG] [io.netty.buffer.AbstractByteBuf/]: -Dio.netty.buffer.checkBounds: true
[29Jul2025 12:08:28.801] [modloading-worker-0/DEBUG] [io.netty.util.ResourceLeakDetectorFactory/]: Loaded default ResourceLeakDetector: io.netty.util.ResourceLeakDetector@6cf734d2
[29Jul2025 12:08:28.815] [modloading-worker-0/DEBUG] [io.netty.util.internal.InternalThreadLocalMap/]: -Dio.netty.threadLocalMap.stringBuilder.initialSize: 1024
[29Jul2025 12:08:28.815] [modloading-worker-0/DEBUG] [io.netty.util.internal.InternalThreadLocalMap/]: -Dio.netty.threadLocalMap.stringBuilder.maxSize: 4096
[29Jul2025 12:08:28.821] [modloading-worker-0/DEBUG] [io.netty.buffer.PooledByteBufAllocator/]: -Dio.netty.allocator.numHeapArenas: 32
[29Jul2025 12:08:28.821] [modloading-worker-0/DEBUG] [io.netty.buffer.PooledByteBufAllocator/]: -Dio.netty.allocator.numDirectArenas: 32
[29Jul2025 12:08:28.821] [modloading-worker-0/DEBUG] [io.netty.buffer.PooledByteBufAllocator/]: -Dio.netty.allocator.pageSize: 8192
[29Jul2025 12:08:28.822] [modloading-worker-0/DEBUG] [io.netty.buffer.PooledByteBufAllocator/]: -Dio.netty.allocator.maxOrder: 9
[29Jul2025 12:08:28.822] [modloading-worker-0/DEBUG] [io.netty.buffer.PooledByteBufAllocator/]: -Dio.netty.allocator.chunkSize: 4194304
[29Jul2025 12:08:28.822] [modloading-worker-0/DEBUG] [io.netty.buffer.PooledByteBufAllocator/]: -Dio.netty.allocator.smallCacheSize: 256
[29Jul2025 12:08:28.822] [modloading-worker-0/DEBUG] [io.netty.buffer.PooledByteBufAllocator/]: -Dio.netty.allocator.normalCacheSize: 64
[29Jul2025 12:08:28.822] [modloading-worker-0/DEBUG] [io.netty.buffer.PooledByteBufAllocator/]: -Dio.netty.allocator.maxCachedBufferCapacity: 32768
[29Jul2025 12:08:28.822] [modloading-worker-0/DEBUG] [io.netty.buffer.PooledByteBufAllocator/]: -Dio.netty.allocator.cacheTrimInterval: 8192
[29Jul2025 12:08:28.822] [modloading-worker-0/DEBUG] [io.netty.buffer.PooledByteBufAllocator/]: -Dio.netty.allocator.cacheTrimIntervalMillis: 0
[29Jul2025 12:08:28.822] [modloading-worker-0/DEBUG] [io.netty.buffer.PooledByteBufAllocator/]: -Dio.netty.allocator.useCacheForAllThreads: false
[29Jul2025 12:08:28.822] [modloading-worker-0/DEBUG] [io.netty.buffer.PooledByteBufAllocator/]: -Dio.netty.allocator.maxCachedByteBuffersPerChunk: 1023
[29Jul2025 12:08:28.839] [modloading-worker-0/DEBUG] [io.netty.buffer.ByteBufUtil/]: -Dio.netty.allocator.type: pooled
[29Jul2025 12:08:28.839] [modloading-worker-0/DEBUG] [io.netty.buffer.ByteBufUtil/]: -Dio.netty.threadLocalDirectBufferSize: 0
[29Jul2025 12:08:28.839] [modloading-worker-0/DEBUG] [io.netty.buffer.ByteBufUtil/]: -Dio.netty.maxThreadLocalCharBufferSize: 16384
[29Jul2025 12:08:28.848] [modloading-worker-0/DEBUG] [net.neoforged.fml.javafmlmod.AutomaticEventSubscriber/]: Subscribing @EventBusSubscriber class Lnet/neoforged/neoforge/network/filters/GenericPacketSplitter; to the mod event bus of mod neoforge
[29Jul2025 12:08:28.853] [modloading-worker-0/DEBUG] [net.neoforged.fml.javafmlmod.AutomaticEventSubscriber/LOADING]: Scanning class net.neoforged.neoforge.network.NetworkInitialization for @SubscribeEvent-annotated methods
[29Jul2025 12:08:28.854] [modloading-worker-0/DEBUG] [net.neoforged.fml.javafmlmod.AutomaticEventSubscriber/]: Subscribing @EventBusSubscriber class Lnet/neoforged/neoforge/network/NetworkInitialization; to the mod event bus of mod neoforge
[29Jul2025 12:08:28.855] [modloading-worker-0/DEBUG] [net.neoforged.fml.javafmlmod.AutomaticEventSubscriber/LOADING]: Scanning class net.neoforged.neoforge.network.ConfigurationInitialization for @SubscribeEvent-annotated methods
[29Jul2025 12:08:28.858] [modloading-worker-0/DEBUG] [net.neoforged.fml.javafmlmod.AutomaticEventSubscriber/]: Subscribing @EventBusSubscriber class Lnet/neoforged/neoforge/network/ConfigurationInitialization; to the mod event bus of mod neoforge
[29Jul2025 12:08:28.858] [modloading-worker-0/DEBUG] [net.neoforged.fml.javafmlmod.AutomaticEventSubscriber/LOADING]: Scanning class net.neoforged.neoforge.common.MonsterRoomHooks for @SubscribeEvent-annotated methods
[29Jul2025 12:08:28.859] [modloading-worker-0/DEBUG] [net.neoforged.fml.javafmlmod.AutomaticEventSubscriber/]: Subscribing @EventBusSubscriber class Lnet/neoforged/neoforge/common/MonsterRoomHooks; to the game event bus
[29Jul2025 12:08:28.859] [modloading-worker-0/DEBUG] [net.neoforged.fml.javafmlmod.AutomaticEventSubscriber/LOADING]: Scanning class net.neoforged.neoforge.common.DeferredSpawnEggItem$CommonHandler for @SubscribeEvent-annotated methods
[29Jul2025 12:08:28.860] [modloading-worker-0/DEBUG] [net.neoforged.fml.javafmlmod.AutomaticEventSubscriber/]: Subscribing @EventBusSubscriber class Lnet/neoforged/neoforge/common/DeferredSpawnEggItem$CommonHandler; to the mod event bus of mod neoforge
[29Jul2025 12:08:28.860] [modloading-worker-0/DEBUG] [net.neoforged.fml.javafmlmod.AutomaticEventSubscriber/LOADING]: Scanning class net.neoforged.neoforge.common.DeferredSpawnEggItem$ColorRegisterHandler for @SubscribeEvent-annotated methods
[29Jul2025 12:08:28.861] [modloading-worker-0/DEBUG] [net.neoforged.fml.javafmlmod.AutomaticEventSubscriber/]: Subscribing @EventBusSubscriber class Lnet/neoforged/neoforge/common/DeferredSpawnEggItem$ColorRegisterHandler; to the mod event bus of mod neoforge
[29Jul2025 12:08:28.862] [modloading-worker-0/DEBUG] [net.neoforged.fml.javafmlmod.AutomaticEventSubscriber/LOADING]: Scanning class net.neoforged.neoforge.client.model.data.ModelDataManager for @SubscribeEvent-annotated methods
[29Jul2025 12:08:28.864] [modloading-worker-0/DEBUG] [net.neoforged.fml.javafmlmod.AutomaticEventSubscriber/]: Subscribing @EventBusSubscriber class Lnet/neoforged/neoforge/client/model/data/ModelDataManager; to the game event bus
[29Jul2025 12:08:28.866] [modloading-worker-0/DEBUG] [net.neoforged.fml.javafmlmod.AutomaticEventSubscriber/LOADING]: Scanning class net.neoforged.neoforge.client.ParticleBoundsDebugRenderer for @SubscribeEvent-annotated methods
[29Jul2025 12:08:28.875] [modloading-worker-0/DEBUG] [net.neoforged.fml.javafmlmod.AutomaticEventSubscriber/]: Subscribing @EventBusSubscriber class Lnet/neoforged/neoforge/client/ParticleBoundsDebugRenderer; to the game event bus
[29Jul2025 12:08:28.875] [modloading-worker-0/DEBUG] [net.neoforged.fml.javafmlmod.AutomaticEventSubscriber/LOADING]: Scanning class net.neoforged.neoforge.client.ClientHooks$ClientEvents for @SubscribeEvent-annotated methods
[29Jul2025 12:08:28.879] [modloading-worker-0/DEBUG] [net.neoforged.fml.javafmlmod.AutomaticEventSubscriber/]: Subscribing @EventBusSubscriber class Lnet/neoforged/neoforge/client/ClientHooks$ClientEvents; to the mod event bus of mod neoforge
[29Jul2025 12:08:28.880] [modloading-worker-0/DEBUG] [net.neoforged.fml.javafmlmod.AutomaticEventSubscriber/LOADING]: Scanning class net.neoforged.neoforge.client.BlockEntityRenderBoundsDebugRenderer for @SubscribeEvent-annotated methods
[29Jul2025 12:08:28.881] [modloading-worker-0/DEBUG] [net.neoforged.fml.javafmlmod.AutomaticEventSubscriber/]: Subscribing @EventBusSubscriber class Lnet/neoforged/neoforge/client/BlockEntityRenderBoundsDebugRenderer; to the game event bus
[29Jul2025 12:08:28.883] [modloading-worker-0/DEBUG] [net.neoforged.fml.javafmlmod.AutomaticEventSubscriber/LOADING]: Scanning class net.neoforged.neoforge.attachment.AttachmentInternals for @SubscribeEvent-annotated methods
[29Jul2025 12:08:28.886] [modloading-worker-0/DEBUG] [net.neoforged.fml.javafmlmod.AutomaticEventSubscriber/]: Subscribing @EventBusSubscriber class Lnet/neoforged/neoforge/attachment/AttachmentInternals; to the game event bus
[29Jul2025 12:08:29.096] [modloading-sync-worker/DEBUG] [net.neoforged.fml.config.ConfigTracker/CONFIG]: Loading configs type CLIENT
[29Jul2025 12:08:29.132] [modloading-sync-worker/DEBUG] [net.neoforged.neoforge.common.NeoForgeConfig/FORGEMOD]: Loaded NeoForge config file neoforge-client.toml
[29Jul2025 12:08:29.133] [modloading-sync-worker/DEBUG] [net.neoforged.fml.config.ConfigTracker/CONFIG]: Loaded TOML config file C:\Users\vince\AppData\Roaming\PrismLauncher\instances\Vision Craft 2.0\minecraft\config\neoforge-client.toml
[29Jul2025 12:08:29.146] [modloading-sync-worker/DEBUG] [net.neoforged.fml.config.ConfigTracker/CONFIG]: Watching TOML config file C:\Users\vince\AppData\Roaming\PrismLauncher\instances\Vision Craft 2.0\minecraft\config\neoforge-client.toml for changes
[29Jul2025 12:08:29.146] [modloading-sync-worker/DEBUG] [net.neoforged.fml.config.ConfigTracker/CONFIG]: Loading configs type COMMON
[29Jul2025 12:08:29.158] [modloading-sync-worker/DEBUG] [net.neoforged.neoforge.common.NeoForgeConfig/FORGEMOD]: Loaded NeoForge config file neoforge-common.toml
[29Jul2025 12:08:29.158] [modloading-sync-worker/DEBUG] [net.neoforged.fml.config.ConfigTracker/CONFIG]: Loaded TOML config file C:\Users\vince\AppData\Roaming\PrismLauncher\instances\Vision Craft 2.0\minecraft\config\neoforge-common.toml
[29Jul2025 12:08:29.159] [modloading-sync-worker/DEBUG] [net.neoforged.fml.config.ConfigTracker/CONFIG]: Watching TOML config file C:\Users\vince\AppData\Roaming\PrismLauncher\instances\Vision Craft 2.0\minecraft\config\neoforge-common.toml for changes
[29Jul2025 12:08:29.999] [Render thread/INFO] [net.minecraft.server.packs.resources.ReloadableResourceManager/]: Reloading ResourceManager: vanilla, mod_resources, mod/neoforge
[29Jul2025 12:08:30.212] [Render thread/DEBUG] [net.neoforged.fml.DeferredWorkQueue/LOADING]: Dispatching synchronous work for work queue Common setup: 1 jobs
[29Jul2025 12:08:30.222] [Render thread/DEBUG] [net.neoforged.fml.DeferredWorkQueue/LOADING]: Synchronous work queue completed in 8.930 ms
[29Jul2025 12:08:30.267] [Worker-Main-13/INFO] [net.minecraft.client.gui.font.providers.UnihexProvider/]: Found unifont_all_no_pua-15.1.05.hex, loading
[29Jul2025 12:08:30.369] [Worker-Main-9/INFO] [net.minecraft.client.gui.font.providers.UnihexProvider/]: Found unifont_jp_patch-15.1.05.hex, loading
[29Jul2025 12:08:32.419] [Render thread/WARN] [net.minecraft.client.sounds.SoundEngine/]: Missing sound for event: minecraft:item.goat_horn.play
[29Jul2025 12:08:32.420] [Render thread/WARN] [net.minecraft.client.sounds.SoundEngine/]: Missing sound for event: minecraft:entity.goat.screaming.horn_break
[29Jul2025 12:08:32.512] [Render thread/INFO] [com.mojang.blaze3d.audio.Library/]: OpenAL initialized on device OpenAL Soft on VG248 (NVIDIA High Definition Audio)
[29Jul2025 12:08:32.515] [Render thread/INFO] [net.minecraft.client.sounds.SoundEngine/SOUNDS]: Sound engine started
[29Jul2025 12:08:32.681] [Render thread/INFO] [net.minecraft.client.renderer.texture.TextureAtlas/]: Created: 1024x512x4 minecraft:textures/atlas/blocks.png-atlas
[29Jul2025 12:08:32.693] [Render thread/INFO] [net.minecraft.client.renderer.texture.TextureAtlas/]: Created: 256x256x4 minecraft:textures/atlas/signs.png-atlas
[29Jul2025 12:08:32.695] [Render thread/INFO] [net.minecraft.client.renderer.texture.TextureAtlas/]: Created: 512x512x4 minecraft:textures/atlas/shield_patterns.png-atlas
[29Jul2025 12:08:32.696] [Render thread/INFO] [net.minecraft.client.renderer.texture.TextureAtlas/]: Created: 512x512x4 minecraft:textures/atlas/banner_patterns.png-atlas
[29Jul2025 12:08:32.698] [Render thread/INFO] [net.minecraft.client.renderer.texture.TextureAtlas/]: Created: 1024x1024x4 minecraft:textures/atlas/armor_trims.png-atlas
[29Jul2025 12:08:32.702] [Render thread/INFO] [net.minecraft.client.renderer.texture.TextureAtlas/]: Created: 128x64x4 minecraft:textures/atlas/decorated_pot.png-atlas
[29Jul2025 12:08:32.702] [Render thread/INFO] [net.minecraft.client.renderer.texture.TextureAtlas/]: Created: 256x256x4 minecraft:textures/atlas/chest.png-atlas
[29Jul2025 12:08:32.703] [Render thread/INFO] [net.minecraft.client.renderer.texture.TextureAtlas/]: Created: 512x256x4 minecraft:textures/atlas/shulker_boxes.png-atlas
[29Jul2025 12:08:32.703] [Render thread/INFO] [net.minecraft.client.renderer.texture.TextureAtlas/]: Created: 512x256x4 minecraft:textures/atlas/beds.png-atlas
[29Jul2025 12:08:33.184] [Render thread/INFO] [net.minecraft.client.renderer.texture.TextureAtlas/]: Created: 512x256x0 minecraft:textures/atlas/particles.png-atlas
[29Jul2025 12:08:33.187] [Render thread/INFO] [net.minecraft.client.renderer.texture.TextureAtlas/]: Created: 512x256x0 minecraft:textures/atlas/paintings.png-atlas
[29Jul2025 12:08:33.188] [Render thread/INFO] [net.minecraft.client.renderer.texture.TextureAtlas/]: Created: 256x128x0 minecraft:textures/atlas/mob_effects.png-atlas
[29Jul2025 12:08:33.190] [Render thread/INFO] [net.minecraft.client.renderer.texture.TextureAtlas/]: Created: 64x64x0 minecraft:textures/atlas/map_decorations.png-atlas
[29Jul2025 12:08:33.190] [Render thread/INFO] [net.minecraft.client.renderer.texture.TextureAtlas/]: Created: 1024x512x0 minecraft:textures/atlas/gui.png-atlas
[29Jul2025 12:08:33.233] [Render thread/WARN] [net.minecraft.client.renderer.ShaderInstance/]: Shader rendertype_entity_translucent_emissive could not find sampler named Sampler2 in the specified shader program.
[29Jul2025 12:08:33.339] [Render thread/INFO] [net.neoforged.neoforge.client.entity.animation.json.AnimationLoader/]: Loaded 0 entity animations
[29Jul2025 12:08:49.394] [Render thread/INFO] [net.minecraft.client.Minecraft/]: Stopping!
